#
# There is insufficient memory for the Java Runtime Environment to continue.
# Native memory allocation (malloc) failed to allocate 388816 bytes for Chunk::new
# Possible reasons:
#   The system is out of physical RAM or swap space
#   The process is running with CompressedOops enabled, and the Java Heap may be blocking the growth of the native heap
# Possible solutions:
#   Reduce memory load on the system
#   Increase physical memory or swap space
#   Check if swap backing store is full
#   Decrease Java heap size (-Xmx/-Xms)
#   Decrease number of Java threads
#   Decrease Java thread stack sizes (-Xss)
#   Set larger code cache with -XX:ReservedCodeCacheSize=
#   JVM is running with Unscaled Compressed Oops mode in which the Java heap is
#     placed in the first 4GB address space. The Java Heap base address is the
#     maximum limit for the native heap growth. Please use -XX:HeapBaseMinAddress
#     to set the Java Heap base and to place the Java Heap above 4GB virtual address.
# This output file may be truncated or incomplete.
#
#  Out of Memory Error (./src/hotspot/share/memory/arena.cpp:197), pid=29724, tid=31856
#
# JRE version: OpenJDK Runtime Environment Microsoft-7208460 (11.0.18+10) (build 11.0.18+10-LTS)
# Java VM: OpenJDK 64-Bit Server VM Microsoft-7208460 (11.0.18+10-LTS, mixed mode, tiered, compressed oops, g1 gc, windows-amd64)
# No core dump will be written. Minidumps are not enabled by default on client versions of Windows
#

---------------  S U M M A R Y ------------

Command Line: -XX:MaxMetaspaceSize=512m --add-opens=java.base/java.util=ALL-UNNAMED --add-opens=java.base/java.lang=ALL-UNNAMED --add-opens=java.base/java.lang.invoke=ALL-UNNAMED --add-opens=java.prefs/java.util.prefs=ALL-UNNAMED --add-opens=java.base/java.nio.charset=ALL-UNNAMED --add-opens=java.base/java.net=ALL-UNNAMED --add-opens=java.base/java.util.concurrent.atomic=ALL-UNNAMED -Xmx2048m -Dfile.encoding=windows-1252 -Duser.country=IN -Duser.language=en -Duser.variant org.gradle.launcher.daemon.bootstrap.GradleDaemon 8.0.1

Host: Intel(R) Core(TM) i7-10700F CPU @ 2.90GHz, 16 cores, 15G,  Windows 10 , 64 bit Build 19041 (10.0.19041.3155)
Time: Mon Aug 28 16:27:36 2023 India Standard Time elapsed time: 529.626132 seconds (0d 0h 8m 49s)

---------------  T H R E A D  ---------------

Current thread (0x0000028b5ad76000):  JavaThread "C2 CompilerThread0" daemon [_thread_in_native, id=31856, stack(0x000000aa57100000,0x000000aa57200000)]


Current CompileTask:
C2: 529626 4472       4       org.gradle.internal.remote.internal.inet.MultiChoiceAddressSerializer::read (95 bytes)

Stack: [0x000000aa57100000,0x000000aa57200000]
Native frames: (J=compiled Java code, j=interpreted, Vv=VM code, C=native code)
V  [jvm.dll+0x62bf8a]
V  [jvm.dll+0x7b8fb9]
V  [jvm.dll+0x7ba6a8]
V  [jvm.dll+0x7bad83]
V  [jvm.dll+0x250248]
V  [jvm.dll+0xc260c]
V  [jvm.dll+0xc2bcc]
V  [jvm.dll+0x35e1c7]
V  [jvm.dll+0x32a373]
V  [jvm.dll+0x3296aa]
V  [jvm.dll+0x2093b3]
V  [jvm.dll+0x20850d]
V  [jvm.dll+0x18a4b1]
V  [jvm.dll+0x217eec]
V  [jvm.dll+0x21612b]
V  [jvm.dll+0x77bac0]
V  [jvm.dll+0x7749f4]
V  [jvm.dll+0x62adf5]
C  [ucrtbase.dll+0x21bb2]
C  [KERNEL32.DLL+0x17614]
C  [ntdll.dll+0x526b1]


---------------  P R O C E S S  ---------------

Threads class SMR info:
_java_thread_list=0x0000028b5c2db140, length=34, elements={
0x0000028b3a913000, 0x0000028b5ad1c000, 0x0000028b5ad1f800, 0x0000028b5ad6b000,
0x0000028b5ad6d000, 0x0000028b5ad70000, 0x0000028b5ad76000, 0x0000028b5ad79000,
0x0000028b5ad85000, 0x0000028b5aef2000, 0x0000028b5ce8a000, 0x0000028b5b27c800,
0x0000028b5b27b800, 0x0000028b5c66b000, 0x0000028b5c66b800, 0x0000028b5c2df800,
0x0000028b5c8f0800, 0x0000028b5c8f2000, 0x0000028b5c651000, 0x0000028b5c39e000,
0x0000028b5c3a3000, 0x0000028b5c39d800, 0x0000028b5c3a4000, 0x0000028b5c3a2800,
0x0000028b5c39f000, 0x0000028b5c3a1800, 0x0000028b5c3a0000, 0x0000028b5c378000,
0x0000028b5c379000, 0x0000028b5c375000, 0x0000028b5c377800, 0x0000028b5c37a000,
0x0000028b5c37a800, 0x0000028b5c37e800
}

Java Threads: ( => current thread )
  0x0000028b3a913000 JavaThread "main" [_thread_blocked, id=31092, stack(0x000000aa56500000,0x000000aa56600000)]
  0x0000028b5ad1c000 JavaThread "Reference Handler" daemon [_thread_blocked, id=31484, stack(0x000000aa56c00000,0x000000aa56d00000)]
  0x0000028b5ad1f800 JavaThread "Finalizer" daemon [_thread_blocked, id=31496, stack(0x000000aa56d00000,0x000000aa56e00000)]
  0x0000028b5ad6b000 JavaThread "Signal Dispatcher" daemon [_thread_blocked, id=15520, stack(0x000000aa56e00000,0x000000aa56f00000)]
  0x0000028b5ad6d000 JavaThread "Attach Listener" daemon [_thread_blocked, id=29208, stack(0x000000aa56f00000,0x000000aa57000000)]
  0x0000028b5ad70000 JavaThread "Service Thread" daemon [_thread_blocked, id=31752, stack(0x000000aa57000000,0x000000aa57100000)]
=>0x0000028b5ad76000 JavaThread "C2 CompilerThread0" daemon [_thread_in_native, id=31856, stack(0x000000aa57100000,0x000000aa57200000)]
  0x0000028b5ad79000 JavaThread "C1 CompilerThread0" daemon [_thread_blocked, id=31900, stack(0x000000aa57200000,0x000000aa57300000)]
  0x0000028b5ad85000 JavaThread "Sweeper thread" daemon [_thread_blocked, id=31908, stack(0x000000aa57300000,0x000000aa57400000)]
  0x0000028b5aef2000 JavaThread "Common-Cleaner" daemon [_thread_blocked, id=32544, stack(0x000000aa57400000,0x000000aa57500000)]
  0x0000028b5ce8a000 JavaThread "Daemon health stats" [_thread_blocked, id=20020, stack(0x000000aa56300000,0x000000aa56400000)]
  0x0000028b5b27c800 JavaThread "Incoming local TCP Connector on port 64382" [_thread_in_native, id=12852, stack(0x000000aa57d00000,0x000000aa57e00000)]
  0x0000028b5b27b800 JavaThread "Daemon periodic checks" [_thread_blocked, id=20676, stack(0x000000aa56400000,0x000000aa56500000)]
  0x0000028b5c66b000 JavaThread "Daemon" [_thread_blocked, id=7112, stack(0x000000aa57600000,0x000000aa57700000)]
  0x0000028b5c66b800 JavaThread "Handler for socket connection from /127.0.0.1:64382 to /127.0.0.1:64405" [_thread_in_native, id=12152, stack(0x000000aa57c00000,0x000000aa57d00000)]
  0x0000028b5c2df800 JavaThread "Cancel handler" [_thread_blocked, id=15776, stack(0x000000aa57e00000,0x000000aa57f00000)]
  0x0000028b5c8f0800 JavaThread "Daemon worker" [_thread_in_native, id=14320, stack(0x000000aa57f00000,0x000000aa58000000)]
  0x0000028b5c8f2000 JavaThread "Asynchronous log dispatcher for DefaultDaemonConnection: socket connection from /127.0.0.1:64382 to /127.0.0.1:64405" [_thread_blocked, id=5864, stack(0x000000aa58000000,0x000000aa58100000)]
  0x0000028b5c651000 JavaThread "Daemon client event forwarder" [_thread_blocked, id=6012, stack(0x000000aa58200000,0x000000aa58300000)]
  0x0000028b5c39e000 JavaThread "Cache worker for journal cache (C:\Users\adminS\.gradle\caches\journal-1)" [_thread_blocked, id=18868, stack(0x000000aa58e00000,0x000000aa58f00000)]
  0x0000028b5c3a3000 JavaThread "File lock request listener" [_thread_in_native, id=20368, stack(0x000000aa58f00000,0x000000aa59000000)]
  0x0000028b5c39d800 JavaThread "Cache worker for file hash cache (C:\Users\adminS\.gradle\caches\8.0.1\fileHashes)" [_thread_blocked, id=28648, stack(0x000000aa58100000,0x000000aa58200000)]
  0x0000028b5c3a4000 JavaThread "File watcher server" daemon [_thread_in_native, id=18416, stack(0x000000aa59100000,0x000000aa59200000)]
  0x0000028b5c3a2800 JavaThread "File watcher consumer" daemon [_thread_blocked, id=2676, stack(0x000000aa59200000,0x000000aa59300000)]
  0x0000028b5c39f000 JavaThread "Cache worker for checksums cache (D:\data22feb\Disk D Folder\Projects\finance clone\finance_mobile_app\android\.gradle\8.0.1\checksums)" [_thread_blocked, id=20964, stack(0x000000aa59000000,0x000000aa59100000)]
  0x0000028b5c3a1800 JavaThread "Cache worker for cache directory md-rule (C:\Users\adminS\.gradle\caches\8.0.1\md-rule)" [_thread_blocked, id=30552, stack(0x000000aa59300000,0x000000aa59400000)]
  0x0000028b5c3a0000 JavaThread "Cache worker for file content cache (C:\Users\adminS\.gradle\caches\8.0.1\fileContent)" [_thread_blocked, id=16208, stack(0x000000aa59400000,0x000000aa59500000)]
  0x0000028b5c378000 JavaThread "Cache worker for file hash cache (D:\data22feb\Disk D Folder\Projects\finance clone\finance_mobile_app\android\.gradle\8.0.1\fileHashes)" [_thread_blocked, id=17268, stack(0x000000aa59700000,0x000000aa59800000)]
  0x0000028b5c379000 JavaThread "Cache worker for cache directory md-supplier (C:\Users\adminS\.gradle\caches\8.0.1\md-supplier)" [_thread_blocked, id=15348, stack(0x000000aa59800000,0x000000aa59900000)]
  0x0000028b5c375000 JavaThread "Cache worker for execution history cache (C:\Users\adminS\.gradle\caches\8.0.1\executionHistory)" [_thread_blocked, id=32832, stack(0x000000aa59900000,0x000000aa59a00000)]
  0x0000028b5c377800 JavaThread "jar transforms" [_thread_blocked, id=29780, stack(0x000000aa59500000,0x000000aa59600000)]
  0x0000028b5c37a000 JavaThread "jar transforms Thread 2" [_thread_blocked, id=29204, stack(0x000000aa59600000,0x000000aa59700000)]
  0x0000028b5c37a800 JavaThread "jar transforms Thread 3" [_thread_blocked, id=18224, stack(0x000000aa59a00000,0x000000aa59b00000)]
  0x0000028b5c37e800 JavaThread "jar transforms Thread 4" [_thread_blocked, id=32884, stack(0x000000aa59c00000,0x000000aa59d00000)]

Other Threads:
  0x0000028b5ad08800 VMThread "VM Thread" [stack: 0x000000aa56b00000,0x000000aa56c00000] [id=31476]
  0x0000028b5aef5800 WatcherThread [stack: 0x000000aa57500000,0x000000aa57600000] [id=32652]
  0x0000028b3a92c800 GCTaskThread "GC Thread#0" [stack: 0x000000aa56600000,0x000000aa56700000] [id=31248]
  0x0000028b5bcd4000 GCTaskThread "GC Thread#1" [stack: 0x000000aa57700000,0x000000aa57800000] [id=23428]
  0x0000028b5bcd4800 GCTaskThread "GC Thread#2" [stack: 0x000000aa57800000,0x000000aa57900000] [id=23452]
  0x0000028b5b1f6800 GCTaskThread "GC Thread#3" [stack: 0x000000aa57900000,0x000000aa57a00000] [id=23456]
  0x0000028b5b1f7000 GCTaskThread "GC Thread#4" [stack: 0x000000aa57a00000,0x000000aa57b00000] [id=23624]
  0x0000028b5ae10800 GCTaskThread "GC Thread#5" [stack: 0x000000aa57b00000,0x000000aa57c00000] [id=23652]
  0x0000028b5c6be000 GCTaskThread "GC Thread#6" [stack: 0x000000aa58300000,0x000000aa58400000] [id=29852]
  0x0000028b5c19f000 GCTaskThread "GC Thread#7" [stack: 0x000000aa58600000,0x000000aa58700000] [id=13612]
  0x0000028b5c962800 GCTaskThread "GC Thread#8" [stack: 0x000000aa58700000,0x000000aa58800000] [id=3024]
  0x0000028b5cecc000 GCTaskThread "GC Thread#9" [stack: 0x000000aa58800000,0x000000aa58900000] [id=20900]
  0x0000028b5c965800 GCTaskThread "GC Thread#10" [stack: 0x000000aa58900000,0x000000aa58a00000] [id=17260]
  0x0000028b5b983800 GCTaskThread "GC Thread#11" [stack: 0x000000aa58a00000,0x000000aa58b00000] [id=10760]
  0x0000028b5c8f7800 GCTaskThread "GC Thread#12" [stack: 0x000000aa58b00000,0x000000aa58c00000] [id=16916]
  0x0000028b3a95e800 ConcurrentGCThread "G1 Main Marker" [stack: 0x000000aa56700000,0x000000aa56800000] [id=31264]
  0x0000028b3a960000 ConcurrentGCThread "G1 Conc#0" [stack: 0x000000aa56800000,0x000000aa56900000] [id=31280]
  0x0000028b5b2c1000 ConcurrentGCThread "G1 Conc#1" [stack: 0x000000aa58c00000,0x000000aa58d00000] [id=30524]
  0x0000028b5b6f2000 ConcurrentGCThread "G1 Conc#2" [stack: 0x000000aa58d00000,0x000000aa58e00000] [id=19644]
  0x0000028b5a374800 ConcurrentGCThread "G1 Refine#0" [stack: 0x000000aa56900000,0x000000aa56a00000] [id=31388]
  0x0000028b5a375800 ConcurrentGCThread "G1 Young RemSet Sampling" [stack: 0x000000aa56a00000,0x000000aa56b00000] [id=31420]

Threads with active compile tasks:
C2 CompilerThread0   531823 4472       4       org.gradle.internal.remote.internal.inet.MultiChoiceAddressSerializer::read (95 bytes)

VM state:not at safepoint (normal execution)

VM Mutex/Monitor currently owned by a thread: None

Heap address: 0x0000000080000000, size: 2048 MB, Compressed Oops mode: 32-bit
Narrow klass base: 0x0000000000000000, Narrow klass shift: 3
Compressed class space size: 528482304 Address: 0x0000000100000000

Heap:
 garbage-first heap   total 262144K, used 112675K [0x0000000080000000, 0x0000000100000000)
  region size 1024K, 92 young (94208K), 6 survivors (6144K)
 Metaspace       used 41753K, capacity 42819K, committed 42832K, reserved 555008K
  class space    used 5213K, capacity 5625K, committed 5632K, reserved 516096K
Heap Regions: E=young(eden), S=young(survivor), O=old, HS=humongous(starts), HC=humongous(continues), CS=collection set, F=free, A=archive, TAMS=top-at-mark-start (previous, next)
|   0|0x0000000080000000, 0x0000000080100000, 0x0000000080100000|100%|HS|  |TAMS 0x0000000080100000, 0x0000000080000000| Complete 
|   1|0x0000000080100000, 0x0000000080200000, 0x0000000080200000|100%|HC|  |TAMS 0x0000000080200000, 0x0000000080100000| Complete 
|   2|0x0000000080200000, 0x0000000080300000, 0x0000000080300000|100%|HC|  |TAMS 0x0000000080300000, 0x0000000080200000| Complete 
|   3|0x0000000080300000, 0x0000000080400000, 0x0000000080400000|100%|HC|  |TAMS 0x0000000080400000, 0x0000000080300000| Complete 
|   4|0x0000000080400000, 0x0000000080500000, 0x0000000080500000|100%| O|  |TAMS 0x0000000080500000, 0x0000000080400000| Untracked 
|   5|0x0000000080500000, 0x0000000080600000, 0x0000000080600000|100%| O|  |TAMS 0x0000000080600000, 0x0000000080500000| Untracked 
|   6|0x0000000080600000, 0x0000000080700000, 0x0000000080700000|100%| O|  |TAMS 0x0000000080700000, 0x0000000080600000| Untracked 
|   7|0x0000000080700000, 0x0000000080800000, 0x0000000080800000|100%| O|  |TAMS 0x0000000080800000, 0x0000000080700000| Untracked 
|   8|0x0000000080800000, 0x0000000080900000, 0x0000000080900000|100%| O|  |TAMS 0x0000000080900000, 0x0000000080800000| Untracked 
|   9|0x0000000080900000, 0x0000000080a00000, 0x0000000080a00000|100%| O|  |TAMS 0x0000000080a00000, 0x0000000080900000| Untracked 
|  10|0x0000000080a00000, 0x0000000080b00000, 0x0000000080b00000|100%| O|  |TAMS 0x0000000080b00000, 0x0000000080a00000| Untracked 
|  11|0x0000000080b00000, 0x0000000080c00000, 0x0000000080c00000|100%| O|  |TAMS 0x0000000080c00000, 0x0000000080b00000| Untracked 
|  12|0x0000000080c00000, 0x0000000080d00000, 0x0000000080d00000|100%| O|  |TAMS 0x0000000080d00000, 0x0000000080c00000| Untracked 
|  13|0x0000000080d00000, 0x0000000080e00000, 0x0000000080e00000|100%| O|  |TAMS 0x0000000080e00000, 0x0000000080d00000| Untracked 
|  14|0x0000000080e00000, 0x0000000080f00000, 0x0000000080f00000|100%| O|  |TAMS 0x0000000080f00000, 0x0000000080e00000| Untracked 
|  15|0x0000000080f00000, 0x0000000081000000, 0x0000000081000000|100%| O|  |TAMS 0x0000000081000000, 0x0000000080f00000| Untracked 
|  16|0x0000000081000000, 0x0000000081100000, 0x0000000081100000|100%| O|  |TAMS 0x0000000081100000, 0x0000000081000000| Untracked 
|  17|0x0000000081100000, 0x0000000081174000, 0x0000000081200000| 45%| O|  |TAMS 0x0000000081174000, 0x0000000081100000| Untracked 
|  18|0x0000000081200000, 0x0000000081300000, 0x0000000081300000|100%|HS|  |TAMS 0x0000000081200000, 0x0000000081200000| Complete 
|  19|0x0000000081300000, 0x0000000081400000, 0x0000000081400000|100%|HS|  |TAMS 0x0000000081300000, 0x0000000081300000| Complete 
|  20|0x0000000081400000, 0x0000000081500000, 0x0000000081500000|100%|HC|  |TAMS 0x0000000081400000, 0x0000000081400000| Complete 
|  21|0x0000000081500000, 0x0000000081500000, 0x0000000081600000|  0%| F|  |TAMS 0x0000000081500000, 0x0000000081500000| Untracked 
|  22|0x0000000081600000, 0x0000000081600000, 0x0000000081700000|  0%| F|  |TAMS 0x0000000081600000, 0x0000000081600000| Untracked 
|  23|0x0000000081700000, 0x0000000081700000, 0x0000000081800000|  0%| F|  |TAMS 0x0000000081700000, 0x0000000081700000| Untracked 
|  24|0x0000000081800000, 0x0000000081800000, 0x0000000081900000|  0%| F|  |TAMS 0x0000000081800000, 0x0000000081800000| Untracked 
|  25|0x0000000081900000, 0x0000000081900000, 0x0000000081a00000|  0%| F|  |TAMS 0x0000000081900000, 0x0000000081900000| Untracked 
|  26|0x0000000081a00000, 0x0000000081a00000, 0x0000000081b00000|  0%| F|  |TAMS 0x0000000081a00000, 0x0000000081a00000| Untracked 
|  27|0x0000000081b00000, 0x0000000081b00000, 0x0000000081c00000|  0%| F|  |TAMS 0x0000000081b00000, 0x0000000081b00000| Untracked 
|  28|0x0000000081c00000, 0x0000000081c00000, 0x0000000081d00000|  0%| F|  |TAMS 0x0000000081c00000, 0x0000000081c00000| Untracked 
|  29|0x0000000081d00000, 0x0000000081d00000, 0x0000000081e00000|  0%| F|  |TAMS 0x0000000081d00000, 0x0000000081d00000| Untracked 
|  30|0x0000000081e00000, 0x0000000081e00000, 0x0000000081f00000|  0%| F|  |TAMS 0x0000000081e00000, 0x0000000081e00000| Untracked 
|  31|0x0000000081f00000, 0x0000000081f00000, 0x0000000082000000|  0%| F|  |TAMS 0x0000000081f00000, 0x0000000081f00000| Untracked 
|  32|0x0000000082000000, 0x0000000082000000, 0x0000000082100000|  0%| F|  |TAMS 0x0000000082000000, 0x0000000082000000| Untracked 
|  33|0x0000000082100000, 0x0000000082100000, 0x0000000082200000|  0%| F|  |TAMS 0x0000000082100000, 0x0000000082100000| Untracked 
|  34|0x0000000082200000, 0x0000000082200000, 0x0000000082300000|  0%| F|  |TAMS 0x0000000082200000, 0x0000000082200000| Untracked 
|  35|0x0000000082300000, 0x0000000082300000, 0x0000000082400000|  0%| F|  |TAMS 0x0000000082300000, 0x0000000082300000| Untracked 
|  36|0x0000000082400000, 0x0000000082400000, 0x0000000082500000|  0%| F|  |TAMS 0x0000000082400000, 0x0000000082400000| Untracked 
|  37|0x0000000082500000, 0x0000000082500000, 0x0000000082600000|  0%| F|  |TAMS 0x0000000082500000, 0x0000000082500000| Untracked 
|  38|0x0000000082600000, 0x0000000082600000, 0x0000000082700000|  0%| F|  |TAMS 0x0000000082600000, 0x0000000082600000| Untracked 
|  39|0x0000000082700000, 0x0000000082700000, 0x0000000082800000|  0%| F|  |TAMS 0x0000000082700000, 0x0000000082700000| Untracked 
|  40|0x0000000082800000, 0x0000000082800000, 0x0000000082900000|  0%| F|  |TAMS 0x0000000082800000, 0x0000000082800000| Untracked 
|  41|0x0000000082900000, 0x0000000082900000, 0x0000000082a00000|  0%| F|  |TAMS 0x0000000082900000, 0x0000000082900000| Untracked 
|  42|0x0000000082a00000, 0x0000000082a00000, 0x0000000082b00000|  0%| F|  |TAMS 0x0000000082a00000, 0x0000000082a00000| Untracked 
|  43|0x0000000082b00000, 0x0000000082b00000, 0x0000000082c00000|  0%| F|  |TAMS 0x0000000082b00000, 0x0000000082b00000| Untracked 
|  44|0x0000000082c00000, 0x0000000082c00000, 0x0000000082d00000|  0%| F|  |TAMS 0x0000000082c00000, 0x0000000082c00000| Untracked 
|  45|0x0000000082d00000, 0x0000000082d00000, 0x0000000082e00000|  0%| F|  |TAMS 0x0000000082d00000, 0x0000000082d00000| Untracked 
|  46|0x0000000082e00000, 0x0000000082e00000, 0x0000000082f00000|  0%| F|  |TAMS 0x0000000082e00000, 0x0000000082e00000| Untracked 
|  47|0x0000000082f00000, 0x0000000082f00000, 0x0000000083000000|  0%| F|  |TAMS 0x0000000082f00000, 0x0000000082f00000| Untracked 
|  48|0x0000000083000000, 0x0000000083000000, 0x0000000083100000|  0%| F|  |TAMS 0x0000000083000000, 0x0000000083000000| Untracked 
|  49|0x0000000083100000, 0x0000000083100000, 0x0000000083200000|  0%| F|  |TAMS 0x0000000083100000, 0x0000000083100000| Untracked 
|  50|0x0000000083200000, 0x0000000083200000, 0x0000000083300000|  0%| F|  |TAMS 0x0000000083200000, 0x0000000083200000| Untracked 
|  51|0x0000000083300000, 0x0000000083300000, 0x0000000083400000|  0%| F|  |TAMS 0x0000000083300000, 0x0000000083300000| Untracked 
|  52|0x0000000083400000, 0x0000000083400000, 0x0000000083500000|  0%| F|  |TAMS 0x0000000083400000, 0x0000000083400000| Untracked 
|  53|0x0000000083500000, 0x0000000083500000, 0x0000000083600000|  0%| F|  |TAMS 0x0000000083500000, 0x0000000083500000| Untracked 
|  54|0x0000000083600000, 0x0000000083600000, 0x0000000083700000|  0%| F|  |TAMS 0x0000000083600000, 0x0000000083600000| Untracked 
|  55|0x0000000083700000, 0x0000000083700000, 0x0000000083800000|  0%| F|  |TAMS 0x0000000083700000, 0x0000000083700000| Untracked 
|  56|0x0000000083800000, 0x0000000083800000, 0x0000000083900000|  0%| F|  |TAMS 0x0000000083800000, 0x0000000083800000| Untracked 
|  57|0x0000000083900000, 0x0000000083900000, 0x0000000083a00000|  0%| F|  |TAMS 0x0000000083900000, 0x0000000083900000| Untracked 
|  58|0x0000000083a00000, 0x0000000083a00000, 0x0000000083b00000|  0%| F|  |TAMS 0x0000000083a00000, 0x0000000083a00000| Untracked 
|  59|0x0000000083b00000, 0x0000000083b00000, 0x0000000083c00000|  0%| F|  |TAMS 0x0000000083b00000, 0x0000000083b00000| Untracked 
|  60|0x0000000083c00000, 0x0000000083c00000, 0x0000000083d00000|  0%| F|  |TAMS 0x0000000083c00000, 0x0000000083c00000| Untracked 
|  61|0x0000000083d00000, 0x0000000083d00000, 0x0000000083e00000|  0%| F|  |TAMS 0x0000000083d00000, 0x0000000083d00000| Untracked 
|  62|0x0000000083e00000, 0x0000000083e00000, 0x0000000083f00000|  0%| F|  |TAMS 0x0000000083e00000, 0x0000000083e00000| Untracked 
|  63|0x0000000083f00000, 0x0000000083f00000, 0x0000000084000000|  0%| F|  |TAMS 0x0000000083f00000, 0x0000000083f00000| Untracked 
|  64|0x0000000084000000, 0x0000000084000000, 0x0000000084100000|  0%| F|  |TAMS 0x0000000084000000, 0x0000000084000000| Untracked 
|  65|0x0000000084100000, 0x0000000084100000, 0x0000000084200000|  0%| F|  |TAMS 0x0000000084100000, 0x0000000084100000| Untracked 
|  66|0x0000000084200000, 0x0000000084200000, 0x0000000084300000|  0%| F|  |TAMS 0x0000000084200000, 0x0000000084200000| Untracked 
|  67|0x0000000084300000, 0x0000000084300000, 0x0000000084400000|  0%| F|  |TAMS 0x0000000084300000, 0x0000000084300000| Untracked 
|  68|0x0000000084400000, 0x0000000084400000, 0x0000000084500000|  0%| F|  |TAMS 0x0000000084400000, 0x0000000084400000| Untracked 
|  69|0x0000000084500000, 0x0000000084500000, 0x0000000084600000|  0%| F|  |TAMS 0x0000000084500000, 0x0000000084500000| Untracked 
|  70|0x0000000084600000, 0x0000000084600000, 0x0000000084700000|  0%| F|  |TAMS 0x0000000084600000, 0x0000000084600000| Untracked 
|  71|0x0000000084700000, 0x0000000084700000, 0x0000000084800000|  0%| F|  |TAMS 0x0000000084700000, 0x0000000084700000| Untracked 
|  72|0x0000000084800000, 0x0000000084800000, 0x0000000084900000|  0%| F|  |TAMS 0x0000000084800000, 0x0000000084800000| Untracked 
|  73|0x0000000084900000, 0x0000000084900000, 0x0000000084a00000|  0%| F|  |TAMS 0x0000000084900000, 0x0000000084900000| Untracked 
|  74|0x0000000084a00000, 0x0000000084a00000, 0x0000000084b00000|  0%| F|  |TAMS 0x0000000084a00000, 0x0000000084a00000| Untracked 
|  75|0x0000000084b00000, 0x0000000084b00000, 0x0000000084c00000|  0%| F|  |TAMS 0x0000000084b00000, 0x0000000084b00000| Untracked 
|  76|0x0000000084c00000, 0x0000000084c00000, 0x0000000084d00000|  0%| F|  |TAMS 0x0000000084c00000, 0x0000000084c00000| Untracked 
|  77|0x0000000084d00000, 0x0000000084d00000, 0x0000000084e00000|  0%| F|  |TAMS 0x0000000084d00000, 0x0000000084d00000| Untracked 
|  78|0x0000000084e00000, 0x0000000084e00000, 0x0000000084f00000|  0%| F|  |TAMS 0x0000000084e00000, 0x0000000084e00000| Untracked 
|  79|0x0000000084f00000, 0x0000000084f00000, 0x0000000085000000|  0%| F|  |TAMS 0x0000000084f00000, 0x0000000084f00000| Untracked 
|  80|0x0000000085000000, 0x0000000085000000, 0x0000000085100000|  0%| F|  |TAMS 0x0000000085000000, 0x0000000085000000| Untracked 
|  81|0x0000000085100000, 0x0000000085100000, 0x0000000085200000|  0%| F|  |TAMS 0x0000000085100000, 0x0000000085100000| Untracked 
|  82|0x0000000085200000, 0x0000000085200000, 0x0000000085300000|  0%| F|  |TAMS 0x0000000085200000, 0x0000000085200000| Untracked 
|  83|0x0000000085300000, 0x0000000085300000, 0x0000000085400000|  0%| F|  |TAMS 0x0000000085300000, 0x0000000085300000| Untracked 
|  84|0x0000000085400000, 0x0000000085400000, 0x0000000085500000|  0%| F|  |TAMS 0x0000000085400000, 0x0000000085400000| Untracked 
|  85|0x0000000085500000, 0x0000000085500000, 0x0000000085600000|  0%| F|  |TAMS 0x0000000085500000, 0x0000000085500000| Untracked 
|  86|0x0000000085600000, 0x0000000085600000, 0x0000000085700000|  0%| F|  |TAMS 0x0000000085600000, 0x0000000085600000| Untracked 
|  87|0x0000000085700000, 0x0000000085700000, 0x0000000085800000|  0%| F|  |TAMS 0x0000000085700000, 0x0000000085700000| Untracked 
|  88|0x0000000085800000, 0x0000000085800000, 0x0000000085900000|  0%| F|  |TAMS 0x0000000085800000, 0x0000000085800000| Untracked 
|  89|0x0000000085900000, 0x0000000085900000, 0x0000000085a00000|  0%| F|  |TAMS 0x0000000085900000, 0x0000000085900000| Untracked 
|  90|0x0000000085a00000, 0x0000000085a00000, 0x0000000085b00000|  0%| F|  |TAMS 0x0000000085a00000, 0x0000000085a00000| Untracked 
|  91|0x0000000085b00000, 0x0000000085b00000, 0x0000000085c00000|  0%| F|  |TAMS 0x0000000085b00000, 0x0000000085b00000| Untracked 
|  92|0x0000000085c00000, 0x0000000085c00000, 0x0000000085d00000|  0%| F|  |TAMS 0x0000000085c00000, 0x0000000085c00000| Untracked 
|  93|0x0000000085d00000, 0x0000000085d00000, 0x0000000085e00000|  0%| F|  |TAMS 0x0000000085d00000, 0x0000000085d00000| Untracked 
|  94|0x0000000085e00000, 0x0000000085e00000, 0x0000000085f00000|  0%| F|  |TAMS 0x0000000085e00000, 0x0000000085e00000| Untracked 
|  95|0x0000000085f00000, 0x0000000085f00000, 0x0000000086000000|  0%| F|  |TAMS 0x0000000085f00000, 0x0000000085f00000| Untracked 
|  96|0x0000000086000000, 0x0000000086000000, 0x0000000086100000|  0%| F|  |TAMS 0x0000000086000000, 0x0000000086000000| Untracked 
|  97|0x0000000086100000, 0x0000000086100000, 0x0000000086200000|  0%| F|  |TAMS 0x0000000086100000, 0x0000000086100000| Untracked 
|  98|0x0000000086200000, 0x0000000086200000, 0x0000000086300000|  0%| F|  |TAMS 0x0000000086200000, 0x0000000086200000| Untracked 
|  99|0x0000000086300000, 0x0000000086300000, 0x0000000086400000|  0%| F|  |TAMS 0x0000000086300000, 0x0000000086300000| Untracked 
| 100|0x0000000086400000, 0x0000000086400000, 0x0000000086500000|  0%| F|  |TAMS 0x0000000086400000, 0x0000000086400000| Untracked 
| 101|0x0000000086500000, 0x0000000086500000, 0x0000000086600000|  0%| F|  |TAMS 0x0000000086500000, 0x0000000086500000| Untracked 
| 102|0x0000000086600000, 0x0000000086600000, 0x0000000086700000|  0%| F|  |TAMS 0x0000000086600000, 0x0000000086600000| Untracked 
| 103|0x0000000086700000, 0x0000000086700000, 0x0000000086800000|  0%| F|  |TAMS 0x0000000086700000, 0x0000000086700000| Untracked 
| 104|0x0000000086800000, 0x0000000086800000, 0x0000000086900000|  0%| F|  |TAMS 0x0000000086800000, 0x0000000086800000| Untracked 
| 105|0x0000000086900000, 0x0000000086900000, 0x0000000086a00000|  0%| F|  |TAMS 0x0000000086900000, 0x0000000086900000| Untracked 
| 106|0x0000000086a00000, 0x0000000086a00000, 0x0000000086b00000|  0%| F|  |TAMS 0x0000000086a00000, 0x0000000086a00000| Untracked 
| 107|0x0000000086b00000, 0x0000000086b00000, 0x0000000086c00000|  0%| F|  |TAMS 0x0000000086b00000, 0x0000000086b00000| Untracked 
| 108|0x0000000086c00000, 0x0000000086c00000, 0x0000000086d00000|  0%| F|  |TAMS 0x0000000086c00000, 0x0000000086c00000| Untracked 
| 109|0x0000000086d00000, 0x0000000086d00000, 0x0000000086e00000|  0%| F|  |TAMS 0x0000000086d00000, 0x0000000086d00000| Untracked 
| 110|0x0000000086e00000, 0x0000000086e00000, 0x0000000086f00000|  0%| F|  |TAMS 0x0000000086e00000, 0x0000000086e00000| Untracked 
| 111|0x0000000086f00000, 0x0000000086f00000, 0x0000000087000000|  0%| F|  |TAMS 0x0000000086f00000, 0x0000000086f00000| Untracked 
| 112|0x0000000087000000, 0x0000000087000000, 0x0000000087100000|  0%| F|  |TAMS 0x0000000087000000, 0x0000000087000000| Untracked 
| 113|0x0000000087100000, 0x0000000087100000, 0x0000000087200000|  0%| F|  |TAMS 0x0000000087100000, 0x0000000087100000| Untracked 
| 114|0x0000000087200000, 0x0000000087200000, 0x0000000087300000|  0%| F|  |TAMS 0x0000000087200000, 0x0000000087200000| Untracked 
| 115|0x0000000087300000, 0x0000000087300000, 0x0000000087400000|  0%| F|  |TAMS 0x0000000087300000, 0x0000000087300000| Untracked 
| 116|0x0000000087400000, 0x0000000087400000, 0x0000000087500000|  0%| F|  |TAMS 0x0000000087400000, 0x0000000087400000| Untracked 
| 117|0x0000000087500000, 0x0000000087500000, 0x0000000087600000|  0%| F|  |TAMS 0x0000000087500000, 0x0000000087500000| Untracked 
| 118|0x0000000087600000, 0x0000000087600000, 0x0000000087700000|  0%| F|  |TAMS 0x0000000087600000, 0x0000000087600000| Untracked 
| 119|0x0000000087700000, 0x0000000087700000, 0x0000000087800000|  0%| F|  |TAMS 0x0000000087700000, 0x0000000087700000| Untracked 
| 120|0x0000000087800000, 0x0000000087800000, 0x0000000087900000|  0%| F|  |TAMS 0x0000000087800000, 0x0000000087800000| Untracked 
| 121|0x0000000087900000, 0x0000000087900000, 0x0000000087a00000|  0%| F|  |TAMS 0x0000000087900000, 0x0000000087900000| Untracked 
| 122|0x0000000087a00000, 0x0000000087a00000, 0x0000000087b00000|  0%| F|  |TAMS 0x0000000087a00000, 0x0000000087a00000| Untracked 
| 123|0x0000000087b00000, 0x0000000087b00000, 0x0000000087c00000|  0%| F|  |TAMS 0x0000000087b00000, 0x0000000087b00000| Untracked 
| 124|0x0000000087c00000, 0x0000000087c00000, 0x0000000087d00000|  0%| F|  |TAMS 0x0000000087c00000, 0x0000000087c00000| Untracked 
| 125|0x0000000087d00000, 0x0000000087d00000, 0x0000000087e00000|  0%| F|  |TAMS 0x0000000087d00000, 0x0000000087d00000| Untracked 
| 126|0x0000000087e00000, 0x0000000087e00000, 0x0000000087f00000|  0%| F|  |TAMS 0x0000000087e00000, 0x0000000087e00000| Untracked 
| 127|0x0000000087f00000, 0x0000000087f00000, 0x0000000088000000|  0%| F|  |TAMS 0x0000000087f00000, 0x0000000087f00000| Untracked 
| 128|0x0000000088000000, 0x0000000088000000, 0x0000000088100000|  0%| F|  |TAMS 0x0000000088000000, 0x0000000088000000| Untracked 
| 129|0x0000000088100000, 0x0000000088100000, 0x0000000088200000|  0%| F|  |TAMS 0x0000000088100000, 0x0000000088100000| Untracked 
| 130|0x0000000088200000, 0x0000000088200000, 0x0000000088300000|  0%| F|  |TAMS 0x0000000088200000, 0x0000000088200000| Untracked 
| 131|0x0000000088300000, 0x0000000088300000, 0x0000000088400000|  0%| F|  |TAMS 0x0000000088300000, 0x0000000088300000| Untracked 
| 132|0x0000000088400000, 0x0000000088400000, 0x0000000088500000|  0%| F|  |TAMS 0x0000000088400000, 0x0000000088400000| Untracked 
| 133|0x0000000088500000, 0x0000000088500000, 0x0000000088600000|  0%| F|  |TAMS 0x0000000088500000, 0x0000000088500000| Untracked 
| 134|0x0000000088600000, 0x0000000088600000, 0x0000000088700000|  0%| F|  |TAMS 0x0000000088600000, 0x0000000088600000| Untracked 
| 135|0x0000000088700000, 0x0000000088700000, 0x0000000088800000|  0%| F|  |TAMS 0x0000000088700000, 0x0000000088700000| Untracked 
| 136|0x0000000088800000, 0x0000000088800000, 0x0000000088900000|  0%| F|  |TAMS 0x0000000088800000, 0x0000000088800000| Untracked 
| 137|0x0000000088900000, 0x0000000088900000, 0x0000000088a00000|  0%| F|  |TAMS 0x0000000088900000, 0x0000000088900000| Untracked 
| 138|0x0000000088a00000, 0x0000000088a00000, 0x0000000088b00000|  0%| F|  |TAMS 0x0000000088a00000, 0x0000000088a00000| Untracked 
| 139|0x0000000088b00000, 0x0000000088b00000, 0x0000000088c00000|  0%| F|  |TAMS 0x0000000088b00000, 0x0000000088b00000| Untracked 
| 140|0x0000000088c00000, 0x0000000088c00000, 0x0000000088d00000|  0%| F|  |TAMS 0x0000000088c00000, 0x0000000088c00000| Untracked 
| 141|0x0000000088d00000, 0x0000000088d00000, 0x0000000088e00000|  0%| F|  |TAMS 0x0000000088d00000, 0x0000000088d00000| Untracked 
| 142|0x0000000088e00000, 0x0000000088e00000, 0x0000000088f00000|  0%| F|  |TAMS 0x0000000088e00000, 0x0000000088e00000| Untracked 
| 143|0x0000000088f00000, 0x0000000088f00000, 0x0000000089000000|  0%| F|  |TAMS 0x0000000088f00000, 0x0000000088f00000| Untracked 
| 144|0x0000000089000000, 0x0000000089000000, 0x0000000089100000|  0%| F|  |TAMS 0x0000000089000000, 0x0000000089000000| Untracked 
| 145|0x0000000089100000, 0x0000000089100000, 0x0000000089200000|  0%| F|  |TAMS 0x0000000089100000, 0x0000000089100000| Untracked 
| 146|0x0000000089200000, 0x0000000089200000, 0x0000000089300000|  0%| F|  |TAMS 0x0000000089200000, 0x0000000089200000| Untracked 
| 147|0x0000000089300000, 0x0000000089300000, 0x0000000089400000|  0%| F|  |TAMS 0x0000000089300000, 0x0000000089300000| Untracked 
| 148|0x0000000089400000, 0x0000000089400000, 0x0000000089500000|  0%| F|  |TAMS 0x0000000089400000, 0x0000000089400000| Untracked 
| 149|0x0000000089500000, 0x0000000089500000, 0x0000000089600000|  0%| F|  |TAMS 0x0000000089500000, 0x0000000089500000| Untracked 
| 150|0x0000000089600000, 0x0000000089600000, 0x0000000089700000|  0%| F|  |TAMS 0x0000000089600000, 0x0000000089600000| Untracked 
| 151|0x0000000089700000, 0x0000000089700000, 0x0000000089800000|  0%| F|  |TAMS 0x0000000089700000, 0x0000000089700000| Untracked 
| 152|0x0000000089800000, 0x0000000089800000, 0x0000000089900000|  0%| F|  |TAMS 0x0000000089800000, 0x0000000089800000| Untracked 
| 153|0x0000000089900000, 0x0000000089900000, 0x0000000089a00000|  0%| F|  |TAMS 0x0000000089900000, 0x0000000089900000| Untracked 
| 154|0x0000000089a00000, 0x0000000089a00000, 0x0000000089b00000|  0%| F|  |TAMS 0x0000000089a00000, 0x0000000089a00000| Untracked 
| 155|0x0000000089b00000, 0x0000000089b00000, 0x0000000089c00000|  0%| F|  |TAMS 0x0000000089b00000, 0x0000000089b00000| Untracked 
| 156|0x0000000089c00000, 0x0000000089c00000, 0x0000000089d00000|  0%| F|  |TAMS 0x0000000089c00000, 0x0000000089c00000| Untracked 
| 157|0x0000000089d00000, 0x0000000089d00000, 0x0000000089e00000|  0%| F|  |TAMS 0x0000000089d00000, 0x0000000089d00000| Untracked 
| 158|0x0000000089e00000, 0x0000000089e00000, 0x0000000089f00000|  0%| F|  |TAMS 0x0000000089e00000, 0x0000000089e00000| Untracked 
| 159|0x0000000089f00000, 0x0000000089f00000, 0x000000008a000000|  0%| F|  |TAMS 0x0000000089f00000, 0x0000000089f00000| Untracked 
| 160|0x000000008a000000, 0x000000008a000000, 0x000000008a100000|  0%| F|  |TAMS 0x000000008a000000, 0x000000008a000000| Untracked 
| 161|0x000000008a100000, 0x000000008a100000, 0x000000008a200000|  0%| F|  |TAMS 0x000000008a100000, 0x000000008a100000| Untracked 
| 162|0x000000008a200000, 0x000000008a200000, 0x000000008a300000|  0%| F|  |TAMS 0x000000008a200000, 0x000000008a200000| Untracked 
| 163|0x000000008a300000, 0x000000008a300000, 0x000000008a400000|  0%| F|  |TAMS 0x000000008a300000, 0x000000008a300000| Untracked 
| 164|0x000000008a400000, 0x000000008a45b370, 0x000000008a500000| 35%| E|  |TAMS 0x000000008a400000, 0x000000008a400000| Complete 
| 165|0x000000008a500000, 0x000000008a600000, 0x000000008a600000|100%| E|CS|TAMS 0x000000008a500000, 0x000000008a500000| Complete 
| 166|0x000000008a600000, 0x000000008a700000, 0x000000008a700000|100%| E|CS|TAMS 0x000000008a600000, 0x000000008a600000| Complete 
| 167|0x000000008a700000, 0x000000008a800000, 0x000000008a800000|100%| E|CS|TAMS 0x000000008a700000, 0x000000008a700000| Complete 
| 168|0x000000008a800000, 0x000000008a900000, 0x000000008a900000|100%| E|CS|TAMS 0x000000008a800000, 0x000000008a800000| Complete 
| 169|0x000000008a900000, 0x000000008aa00000, 0x000000008aa00000|100%| E|CS|TAMS 0x000000008a900000, 0x000000008a900000| Complete 
| 170|0x000000008aa00000, 0x000000008ab00000, 0x000000008ab00000|100%| E|CS|TAMS 0x000000008aa00000, 0x000000008aa00000| Complete 
| 171|0x000000008ab00000, 0x000000008ac00000, 0x000000008ac00000|100%| E|CS|TAMS 0x000000008ab00000, 0x000000008ab00000| Complete 
| 172|0x000000008ac00000, 0x000000008ad00000, 0x000000008ad00000|100%| E|CS|TAMS 0x000000008ac00000, 0x000000008ac00000| Complete 
| 173|0x000000008ad00000, 0x000000008ae00000, 0x000000008ae00000|100%| E|CS|TAMS 0x000000008ad00000, 0x000000008ad00000| Complete 
| 174|0x000000008ae00000, 0x000000008af00000, 0x000000008af00000|100%| E|CS|TAMS 0x000000008ae00000, 0x000000008ae00000| Complete 
| 175|0x000000008af00000, 0x000000008b000000, 0x000000008b000000|100%| E|CS|TAMS 0x000000008af00000, 0x000000008af00000| Complete 
| 176|0x000000008b000000, 0x000000008b100000, 0x000000008b100000|100%| E|CS|TAMS 0x000000008b000000, 0x000000008b000000| Complete 
| 177|0x000000008b100000, 0x000000008b200000, 0x000000008b200000|100%| E|CS|TAMS 0x000000008b100000, 0x000000008b100000| Complete 
| 178|0x000000008b200000, 0x000000008b300000, 0x000000008b300000|100%| E|CS|TAMS 0x000000008b200000, 0x000000008b200000| Complete 
| 179|0x000000008b300000, 0x000000008b400000, 0x000000008b400000|100%| E|CS|TAMS 0x000000008b300000, 0x000000008b300000| Complete 
| 180|0x000000008b400000, 0x000000008b500000, 0x000000008b500000|100%| E|CS|TAMS 0x000000008b400000, 0x000000008b400000| Complete 
| 181|0x000000008b500000, 0x000000008b600000, 0x000000008b600000|100%| E|CS|TAMS 0x000000008b500000, 0x000000008b500000| Complete 
| 182|0x000000008b600000, 0x000000008b700000, 0x000000008b700000|100%| E|CS|TAMS 0x000000008b600000, 0x000000008b600000| Complete 
| 183|0x000000008b700000, 0x000000008b800000, 0x000000008b800000|100%| E|CS|TAMS 0x000000008b700000, 0x000000008b700000| Complete 
| 184|0x000000008b800000, 0x000000008b900000, 0x000000008b900000|100%| E|CS|TAMS 0x000000008b800000, 0x000000008b800000| Complete 
| 185|0x000000008b900000, 0x000000008ba00000, 0x000000008ba00000|100%| E|CS|TAMS 0x000000008b900000, 0x000000008b900000| Complete 
| 186|0x000000008ba00000, 0x000000008bb00000, 0x000000008bb00000|100%| E|CS|TAMS 0x000000008ba00000, 0x000000008ba00000| Complete 
| 187|0x000000008bb00000, 0x000000008bc00000, 0x000000008bc00000|100%| E|CS|TAMS 0x000000008bb00000, 0x000000008bb00000| Complete 
| 188|0x000000008bc00000, 0x000000008bd00000, 0x000000008bd00000|100%| E|CS|TAMS 0x000000008bc00000, 0x000000008bc00000| Complete 
| 189|0x000000008bd00000, 0x000000008be00000, 0x000000008be00000|100%| E|CS|TAMS 0x000000008bd00000, 0x000000008bd00000| Complete 
| 190|0x000000008be00000, 0x000000008bf00000, 0x000000008bf00000|100%| E|CS|TAMS 0x000000008be00000, 0x000000008be00000| Complete 
| 191|0x000000008bf00000, 0x000000008c000000, 0x000000008c000000|100%| E|CS|TAMS 0x000000008bf00000, 0x000000008bf00000| Complete 
| 192|0x000000008c000000, 0x000000008c100000, 0x000000008c100000|100%| E|CS|TAMS 0x000000008c000000, 0x000000008c000000| Complete 
| 193|0x000000008c100000, 0x000000008c200000, 0x000000008c200000|100%| E|CS|TAMS 0x000000008c100000, 0x000000008c100000| Complete 
| 194|0x000000008c200000, 0x000000008c300000, 0x000000008c300000|100%| E|CS|TAMS 0x000000008c200000, 0x000000008c200000| Complete 
| 195|0x000000008c300000, 0x000000008c400000, 0x000000008c400000|100%| E|CS|TAMS 0x000000008c300000, 0x000000008c300000| Complete 
| 196|0x000000008c400000, 0x000000008c500000, 0x000000008c500000|100%| E|CS|TAMS 0x000000008c400000, 0x000000008c400000| Complete 
| 197|0x000000008c500000, 0x000000008c600000, 0x000000008c600000|100%| E|CS|TAMS 0x000000008c500000, 0x000000008c500000| Complete 
| 198|0x000000008c600000, 0x000000008c700000, 0x000000008c700000|100%| E|CS|TAMS 0x000000008c600000, 0x000000008c600000| Complete 
| 199|0x000000008c700000, 0x000000008c800000, 0x000000008c800000|100%| E|CS|TAMS 0x000000008c700000, 0x000000008c700000| Complete 
| 200|0x000000008c800000, 0x000000008c900000, 0x000000008c900000|100%| E|CS|TAMS 0x000000008c800000, 0x000000008c800000| Complete 
| 201|0x000000008c900000, 0x000000008ca00000, 0x000000008ca00000|100%| E|CS|TAMS 0x000000008c900000, 0x000000008c900000| Complete 
| 202|0x000000008ca00000, 0x000000008cb00000, 0x000000008cb00000|100%| E|CS|TAMS 0x000000008ca00000, 0x000000008ca00000| Complete 
| 203|0x000000008cb00000, 0x000000008cc00000, 0x000000008cc00000|100%| E|CS|TAMS 0x000000008cb00000, 0x000000008cb00000| Complete 
| 204|0x000000008cc00000, 0x000000008cd00000, 0x000000008cd00000|100%| E|CS|TAMS 0x000000008cc00000, 0x000000008cc00000| Complete 
| 205|0x000000008cd00000, 0x000000008ce00000, 0x000000008ce00000|100%| E|CS|TAMS 0x000000008cd00000, 0x000000008cd00000| Complete 
| 206|0x000000008ce00000, 0x000000008cf00000, 0x000000008cf00000|100%| E|CS|TAMS 0x000000008ce00000, 0x000000008ce00000| Complete 
| 207|0x000000008cf00000, 0x000000008d000000, 0x000000008d000000|100%| E|CS|TAMS 0x000000008cf00000, 0x000000008cf00000| Complete 
| 208|0x000000008d000000, 0x000000008d100000, 0x000000008d100000|100%| E|CS|TAMS 0x000000008d000000, 0x000000008d000000| Complete 
| 209|0x000000008d100000, 0x000000008d200000, 0x000000008d200000|100%| E|CS|TAMS 0x000000008d100000, 0x000000008d100000| Complete 
| 210|0x000000008d200000, 0x000000008d300000, 0x000000008d300000|100%| E|CS|TAMS 0x000000008d200000, 0x000000008d200000| Complete 
| 211|0x000000008d300000, 0x000000008d400000, 0x000000008d400000|100%| E|CS|TAMS 0x000000008d300000, 0x000000008d300000| Complete 
| 212|0x000000008d400000, 0x000000008d500000, 0x000000008d500000|100%| E|CS|TAMS 0x000000008d400000, 0x000000008d400000| Complete 
| 213|0x000000008d500000, 0x000000008d600000, 0x000000008d600000|100%| E|CS|TAMS 0x000000008d500000, 0x000000008d500000| Complete 
| 214|0x000000008d600000, 0x000000008d700000, 0x000000008d700000|100%| E|CS|TAMS 0x000000008d600000, 0x000000008d600000| Complete 
| 215|0x000000008d700000, 0x000000008d800000, 0x000000008d800000|100%| E|CS|TAMS 0x000000008d700000, 0x000000008d700000| Complete 
| 216|0x000000008d800000, 0x000000008d900000, 0x000000008d900000|100%| E|CS|TAMS 0x000000008d800000, 0x000000008d800000| Complete 
| 217|0x000000008d900000, 0x000000008da00000, 0x000000008da00000|100%| E|CS|TAMS 0x000000008d900000, 0x000000008d900000| Complete 
| 218|0x000000008da00000, 0x000000008db00000, 0x000000008db00000|100%| E|CS|TAMS 0x000000008da00000, 0x000000008da00000| Complete 
| 219|0x000000008db00000, 0x000000008dc00000, 0x000000008dc00000|100%| E|CS|TAMS 0x000000008db00000, 0x000000008db00000| Complete 
| 220|0x000000008dc00000, 0x000000008dd00000, 0x000000008dd00000|100%| E|CS|TAMS 0x000000008dc00000, 0x000000008dc00000| Complete 
| 221|0x000000008dd00000, 0x000000008de00000, 0x000000008de00000|100%| E|CS|TAMS 0x000000008dd00000, 0x000000008dd00000| Complete 
| 222|0x000000008de00000, 0x000000008df00000, 0x000000008df00000|100%| E|CS|TAMS 0x000000008de00000, 0x000000008de00000| Complete 
| 223|0x000000008df00000, 0x000000008e000000, 0x000000008e000000|100%| E|CS|TAMS 0x000000008df00000, 0x000000008df00000| Complete 
| 224|0x000000008e000000, 0x000000008e100000, 0x000000008e100000|100%| E|CS|TAMS 0x000000008e000000, 0x000000008e000000| Complete 
| 225|0x000000008e100000, 0x000000008e200000, 0x000000008e200000|100%| E|CS|TAMS 0x000000008e100000, 0x000000008e100000| Complete 
| 226|0x000000008e200000, 0x000000008e300000, 0x000000008e300000|100%| E|CS|TAMS 0x000000008e200000, 0x000000008e200000| Complete 
| 227|0x000000008e300000, 0x000000008e400000, 0x000000008e400000|100%| E|CS|TAMS 0x000000008e300000, 0x000000008e300000| Complete 
| 228|0x000000008e400000, 0x000000008e500000, 0x000000008e500000|100%| E|CS|TAMS 0x000000008e400000, 0x000000008e400000| Complete 
| 229|0x000000008e500000, 0x000000008e600000, 0x000000008e600000|100%| E|CS|TAMS 0x000000008e500000, 0x000000008e500000| Complete 
| 230|0x000000008e600000, 0x000000008e694f78, 0x000000008e700000| 58%| S|CS|TAMS 0x000000008e600000, 0x000000008e600000| Complete 
| 231|0x000000008e700000, 0x000000008e800000, 0x000000008e800000|100%| S|CS|TAMS 0x000000008e700000, 0x000000008e700000| Complete 
| 232|0x000000008e800000, 0x000000008e900000, 0x000000008e900000|100%| S|CS|TAMS 0x000000008e800000, 0x000000008e800000| Complete 
| 233|0x000000008e900000, 0x000000008ea00000, 0x000000008ea00000|100%| S|CS|TAMS 0x000000008e900000, 0x000000008e900000| Complete 
| 234|0x000000008ea00000, 0x000000008eb00000, 0x000000008eb00000|100%| S|CS|TAMS 0x000000008ea00000, 0x000000008ea00000| Complete 
| 235|0x000000008eb00000, 0x000000008ec00000, 0x000000008ec00000|100%| S|CS|TAMS 0x000000008eb00000, 0x000000008eb00000| Complete 
| 236|0x000000008ec00000, 0x000000008ed00000, 0x000000008ed00000|100%| E|CS|TAMS 0x000000008ec00000, 0x000000008ec00000| Complete 
| 237|0x000000008ed00000, 0x000000008ee00000, 0x000000008ee00000|100%| E|CS|TAMS 0x000000008ed00000, 0x000000008ed00000| Complete 
| 238|0x000000008ee00000, 0x000000008ef00000, 0x000000008ef00000|100%| E|CS|TAMS 0x000000008ee00000, 0x000000008ee00000| Complete 
| 239|0x000000008ef00000, 0x000000008f000000, 0x000000008f000000|100%| E|CS|TAMS 0x000000008ef00000, 0x000000008ef00000| Complete 
| 240|0x000000008f000000, 0x000000008f100000, 0x000000008f100000|100%| E|CS|TAMS 0x000000008f000000, 0x000000008f000000| Complete 
| 241|0x000000008f100000, 0x000000008f200000, 0x000000008f200000|100%| E|CS|TAMS 0x000000008f100000, 0x000000008f100000| Complete 
| 242|0x000000008f200000, 0x000000008f300000, 0x000000008f300000|100%| E|CS|TAMS 0x000000008f200000, 0x000000008f200000| Complete 
| 243|0x000000008f300000, 0x000000008f400000, 0x000000008f400000|100%| E|CS|TAMS 0x000000008f300000, 0x000000008f300000| Complete 
| 244|0x000000008f400000, 0x000000008f500000, 0x000000008f500000|100%| E|CS|TAMS 0x000000008f400000, 0x000000008f400000| Complete 
| 245|0x000000008f500000, 0x000000008f600000, 0x000000008f600000|100%| E|CS|TAMS 0x000000008f500000, 0x000000008f500000| Complete 
| 246|0x000000008f600000, 0x000000008f700000, 0x000000008f700000|100%| E|CS|TAMS 0x000000008f600000, 0x000000008f600000| Complete 
| 247|0x000000008f700000, 0x000000008f800000, 0x000000008f800000|100%| E|CS|TAMS 0x000000008f700000, 0x000000008f700000| Complete 
| 248|0x000000008f800000, 0x000000008f900000, 0x000000008f900000|100%| E|  |TAMS 0x000000008f800000, 0x000000008f800000| Complete 
| 249|0x000000008f900000, 0x000000008fa00000, 0x000000008fa00000|100%| E|CS|TAMS 0x000000008f900000, 0x000000008f900000| Complete 
| 250|0x000000008fa00000, 0x000000008fb00000, 0x000000008fb00000|100%| E|CS|TAMS 0x000000008fa00000, 0x000000008fa00000| Complete 
| 251|0x000000008fb00000, 0x000000008fc00000, 0x000000008fc00000|100%| E|CS|TAMS 0x000000008fb00000, 0x000000008fb00000| Complete 
| 252|0x000000008fc00000, 0x000000008fd00000, 0x000000008fd00000|100%| E|CS|TAMS 0x000000008fc00000, 0x000000008fc00000| Complete 
| 253|0x000000008fd00000, 0x000000008fe00000, 0x000000008fe00000|100%| E|CS|TAMS 0x000000008fd00000, 0x000000008fd00000| Complete 
| 254|0x000000008fe00000, 0x000000008ff00000, 0x000000008ff00000|100%| E|CS|TAMS 0x000000008fe00000, 0x000000008fe00000| Complete 
| 255|0x000000008ff00000, 0x0000000090000000, 0x0000000090000000|100%| E|CS|TAMS 0x000000008ff00000, 0x000000008ff00000| Complete 

Card table byte_map: [0x0000028b52d10000,0x0000028b53110000] _byte_map_base: 0x0000028b52910000

Marking Bits (Prev, Next): (CMBitMap*) 0x0000028b3a954b38, (CMBitMap*) 0x0000028b3a954b70
 Prev Bits: [0x0000028b53510000, 0x0000028b55510000)
 Next Bits: [0x0000028b55510000, 0x0000028b57510000)

Polling page: 0x0000028b38880000

Metaspace:

Usage:
  Non-class:     36.32 MB capacity,    35.68 MB ( 98%) used,   545.73 KB (  1%) free+waste,   108.19 KB ( <1%) overhead. 
      Class:      5.49 MB capacity,     5.09 MB ( 93%) used,   359.23 KB (  6%) free+waste,    52.25 KB ( <1%) overhead. 
       Both:     41.82 MB capacity,    40.78 MB ( 98%) used,   904.95 KB (  2%) free+waste,   160.44 KB ( <1%) overhead. 

Virtual space:
  Non-class space:       38.00 MB reserved,      36.33 MB ( 96%) committed 
      Class space:      504.00 MB reserved,       5.50 MB (  1%) committed 
             Both:      542.00 MB reserved,      41.83 MB (  8%) committed 

Chunk freelists:
   Non-Class:  6.00 KB
       Class:  7.00 KB
        Both:  13.00 KB

MaxMetaspaceSize: 512.00 MB
CompressedClassSpaceSize: 504.00 MB
Initial GC threshold: 20.80 MB
Current GC threshold: 58.88 MB
CDS: off

CodeHeap 'non-profiled nmethods': size=119168Kb used=2452Kb max_used=2452Kb free=116715Kb
 bounds [0x0000028b4ac30000, 0x0000028b4aea0000, 0x0000028b52090000]
CodeHeap 'profiled nmethods': size=119168Kb used=9520Kb max_used=9520Kb free=109647Kb
 bounds [0x0000028b437d0000, 0x0000028b44120000, 0x0000028b4ac30000]
CodeHeap 'non-nmethods': size=7424Kb used=2273Kb max_used=3989Kb free=5151Kb
 bounds [0x0000028b43090000, 0x0000028b43480000, 0x0000028b437d0000]
 total_blobs=5227 nmethods=4458 adapters=681
 compilation: enabled
              stopped_count=0, restarted_count=0
 full_count=0

Compilation events (20 events):
Event: 493.864 Thread 0x0000028b5ad76000 nmethod 4462 0x0000028b4ae92890 code [0x0000028b4ae92a40, 0x0000028b4ae92b38]
Event: 497.519 Thread 0x0000028b5ad79000 4463       3       groovyjarjarasm.asm.SymbolTable::addType (81 bytes)
Event: 497.519 Thread 0x0000028b5ad79000 nmethod 4463 0x0000028b44119710 code [0x0000028b44119940, 0x0000028b44119f18]
Event: 497.522 Thread 0x0000028b5ad76000 4464       4       java.util.stream.SpinedBuffer::accept (94 bytes)
Event: 497.526 Thread 0x0000028b5ad76000 nmethod 4464 0x0000028b4ae92c10 code [0x0000028b4ae92de0, 0x0000028b4ae931b8]
Event: 497.526 Thread 0x0000028b5ad76000 4465       4       org.codehaus.groovy.runtime.metaclass.MetaMethodIndex::getOrPutMethods (184 bytes)
Event: 497.547 Thread 0x0000028b5ad76000 nmethod 4465 0x0000028b4ae93410 code [0x0000028b4ae935e0, 0x0000028b4ae941b8]
Event: 497.895 Thread 0x0000028b5ad79000 4466       3       java.util.TimSort::binarySort (223 bytes)
Event: 497.897 Thread 0x0000028b5ad79000 nmethod 4466 0x0000028b4411a210 code [0x0000028b4411a440, 0x0000028b4411aef8]
Event: 497.899 Thread 0x0000028b5ad79000 4467       3       java.util.Spliterators$ArraySpliterator::<init> (33 bytes)
Event: 497.900 Thread 0x0000028b5ad79000 nmethod 4467 0x0000028b4411b210 code [0x0000028b4411b3c0, 0x0000028b4411b598]
Event: 503.845 Thread 0x0000028b5ad79000 4468       3       org.gradle.cache.internal.locklistener.DefaultFileLockContentionHandler::assertNotStopped (18 bytes)
Event: 503.845 Thread 0x0000028b5ad79000 nmethod 4468 0x0000028b4411b690 code [0x0000028b4411b860, 0x0000028b4411ba68]
Event: 503.942 Thread 0x0000028b5ad76000 4469       4       java.util.ArrayList::<init> (63 bytes)
Event: 503.946 Thread 0x0000028b5ad76000 nmethod 4469 0x0000028b4ae94690 code [0x0000028b4ae94840, 0x0000028b4ae94e78]
Event: 513.888 Thread 0x0000028b5ad79000 4470       3       java.util.HashMap::clear (50 bytes)
Event: 513.888 Thread 0x0000028b5ad79000 nmethod 4470 0x0000028b4411bb90 code [0x0000028b4411bd60, 0x0000028b4411c118]
Event: 513.902 Thread 0x0000028b5ad76000 4471       4       org.gradle.internal.remote.internal.inet.MultiChoiceAddress::hashCode (8 bytes)
Event: 513.902 Thread 0x0000028b5ad76000 nmethod 4471 0x0000028b4ae95090 code [0x0000028b4ae95220, 0x0000028b4ae95298]
Event: 523.858 Thread 0x0000028b5ad76000 4472       4       org.gradle.internal.remote.internal.inet.MultiChoiceAddressSerializer::read (95 bytes)

GC Heap History (14 events):
Event: 39.924 GC heap before
{Heap before GC invocations=0 (full 0):
 garbage-first heap   total 262144K, used 27648K [0x0000000080000000, 0x0000000100000000)
  region size 1024K, 24 young (24576K), 0 survivors (0K)
 Metaspace       used 10097K, capacity 10334K, committed 10624K, reserved 526336K
  class space    used 1020K, capacity 1107K, committed 1152K, reserved 516096K
}
Event: 39.936 GC heap after
{Heap after GC invocations=1 (full 0):
 garbage-first heap   total 262144K, used 10429K [0x0000000080000000, 0x0000000100000000)
  region size 1024K, 3 young (3072K), 3 survivors (3072K)
 Metaspace       used 10097K, capacity 10334K, committed 10624K, reserved 526336K
  class space    used 1020K, capacity 1107K, committed 1152K, reserved 516096K
}
Event: 142.855 GC heap before
{Heap before GC invocations=1 (full 0):
 garbage-first heap   total 262144K, used 105661K [0x0000000080000000, 0x0000000100000000)
  region size 1024K, 96 young (98304K), 3 survivors (3072K)
 Metaspace       used 20809K, capacity 21160K, committed 21296K, reserved 536576K
  class space    used 2472K, capacity 2615K, committed 2688K, reserved 516096K
}
Event: 143.427 GC heap after
{Heap after GC invocations=2 (full 0):
 garbage-first heap   total 262144K, used 17988K [0x0000000080000000, 0x0000000100000000)
  region size 1024K, 11 young (11264K), 11 survivors (11264K)
 Metaspace       used 20809K, capacity 21160K, committed 21296K, reserved 536576K
  class space    used 2472K, capacity 2615K, committed 2688K, reserved 516096K
}
Event: 144.895 GC heap before
{Heap before GC invocations=3 (full 0):
 garbage-first heap   total 262144K, used 19012K [0x0000000080000000, 0x0000000100000000)
  region size 1024K, 12 young (12288K), 11 survivors (11264K)
 Metaspace       used 20906K, capacity 21332K, committed 21552K, reserved 536576K
  class space    used 2490K, capacity 2652K, committed 2688K, reserved 516096K
}
Event: 144.905 GC heap after
{Heap after GC invocations=4 (full 0):
 garbage-first heap   total 262144K, used 18780K [0x0000000080000000, 0x0000000100000000)
  region size 1024K, 1 young (1024K), 1 survivors (1024K)
 Metaspace       used 20906K, capacity 21332K, committed 21552K, reserved 536576K
  class space    used 2490K, capacity 2652K, committed 2688K, reserved 516096K
}
Event: 175.857 GC heap before
{Heap before GC invocations=4 (full 0):
 garbage-first heap   total 262144K, used 30044K [0x0000000080000000, 0x0000000100000000)
  region size 1024K, 12 young (12288K), 1 survivors (1024K)
 Metaspace       used 22076K, capacity 22582K, committed 22832K, reserved 536576K
  class space    used 2657K, capacity 2855K, committed 2944K, reserved 516096K
}
Event: 175.858 GC heap after
{Heap after GC invocations=5 (full 0):
 garbage-first heap   total 262144K, used 18335K [0x0000000080000000, 0x0000000100000000)
  region size 1024K, 1 young (1024K), 1 survivors (1024K)
 Metaspace       used 22076K, capacity 22582K, committed 22832K, reserved 536576K
  class space    used 2657K, capacity 2855K, committed 2944K, reserved 516096K
}
Event: 189.969 GC heap before
{Heap before GC invocations=5 (full 0):
 garbage-first heap   total 262144K, used 40863K [0x0000000080000000, 0x0000000100000000)
  region size 1024K, 23 young (23552K), 1 survivors (1024K)
 Metaspace       used 24087K, capacity 24646K, committed 25008K, reserved 538624K
  class space    used 2983K, capacity 3205K, committed 3328K, reserved 516096K
}
Event: 189.971 GC heap after
{Heap after GC invocations=6 (full 0):
 garbage-first heap   total 262144K, used 18988K [0x0000000080000000, 0x0000000100000000)
  region size 1024K, 2 young (2048K), 2 survivors (2048K)
 Metaspace       used 24087K, capacity 24646K, committed 25008K, reserved 538624K
  class space    used 2983K, capacity 3205K, committed 3328K, reserved 516096K
}
Event: 214.305 GC heap before
{Heap before GC invocations=6 (full 0):
 garbage-first heap   total 262144K, used 96812K [0x0000000080000000, 0x0000000100000000)
  region size 1024K, 78 young (79872K), 2 survivors (2048K)
 Metaspace       used 31079K, capacity 31877K, committed 32048K, reserved 544768K
  class space    used 4058K, capacity 4364K, committed 4480K, reserved 516096K
}
Event: 214.309 GC heap after
{Heap after GC invocations=7 (full 0):
 garbage-first heap   total 262144K, used 21592K [0x0000000080000000, 0x0000000100000000)
  region size 1024K, 4 young (4096K), 4 survivors (4096K)
 Metaspace       used 31079K, capacity 31877K, committed 32048K, reserved 544768K
  class space    used 4058K, capacity 4364K, committed 4480K, reserved 516096K
}
Event: 220.653 GC heap before
{Heap before GC invocations=7 (full 0):
 garbage-first heap   total 262144K, used 41048K [0x0000000080000000, 0x0000000100000000)
  region size 1024K, 24 young (24576K), 4 survivors (4096K)
 Metaspace       used 35013K, capacity 35801K, committed 35920K, reserved 548864K
  class space    used 4440K, capacity 4781K, committed 4864K, reserved 516096K
}
Event: 220.672 GC heap after
{Heap after GC invocations=8 (full 0):
 garbage-first heap   total 262144K, used 23587K [0x0000000080000000, 0x0000000100000000)
  region size 1024K, 6 young (6144K), 6 survivors (6144K)
 Metaspace       used 35013K, capacity 35801K, committed 35920K, reserved 548864K
  class space    used 4440K, capacity 4781K, committed 4864K, reserved 516096K
}

Deoptimization events (20 events):
Event: 253.589 Thread 0x0000028b5c8f0800 Uncommon trap: trap_request=0xffffff4d fr.pc=0x0000028b4ad11b30 relative=0x0000000000001370
Event: 253.589 Thread 0x0000028b5c8f0800 Uncommon trap: reason=unstable_if action=reinterpret pc=0x0000028b4ad11b30 method=java.util.concurrent.ConcurrentHashMap.putVal(Ljava/lang/Object;Ljava/lang/Object;Z)Ljava/lang/Object; @ 231 c2
Event: 253.589 Thread 0x0000028b5c8f0800 DEOPT PACKING pc=0x0000028b4ad11b30 sp=0x000000aa57ff6ef0
Event: 253.589 Thread 0x0000028b5c8f0800 DEOPT UNPACKING pc=0x0000028b430da1af sp=0x000000aa57ff6e70 mode 2
Event: 497.518 Thread 0x0000028b5c8f0800 Uncommon trap: trap_request=0xffffff4d fr.pc=0x0000028b4ae3f194 relative=0x0000000000000694
Event: 497.518 Thread 0x0000028b5c8f0800 Uncommon trap: reason=unstable_if action=reinterpret pc=0x0000028b4ae3f194 method=java.io.BufferedInputStream.read([BII)I @ 56 c2
Event: 497.518 Thread 0x0000028b5c8f0800 DEOPT PACKING pc=0x0000028b4ae3f194 sp=0x000000aa57ff8070
Event: 497.518 Thread 0x0000028b5c8f0800 DEOPT UNPACKING pc=0x0000028b430da1af sp=0x000000aa57ff8048 mode 2
Event: 497.895 Thread 0x0000028b5c8f0800 Uncommon trap: trap_request=0xffffffde fr.pc=0x0000028b4ae01be0 relative=0x0000000000000440
Event: 497.896 Thread 0x0000028b5c8f0800 Uncommon trap: reason=class_check action=maybe_recompile pc=0x0000028b4ae01be0 method=java.util.regex.Pattern$Start.match(Ljava/util/regex/Matcher;ILjava/lang/CharSequence;)Z @ 44 c2
Event: 497.896 Thread 0x0000028b5c8f0800 DEOPT PACKING pc=0x0000028b4ae01be0 sp=0x000000aa57ff5f20
Event: 497.896 Thread 0x0000028b5c8f0800 DEOPT UNPACKING pc=0x0000028b430da1af sp=0x000000aa57ff5de8 mode 2
Event: 497.896 Thread 0x0000028b5c8f0800 Uncommon trap: trap_request=0xffffffde fr.pc=0x0000028b4adf4528 relative=0x0000000000000428
Event: 497.896 Thread 0x0000028b5c8f0800 Uncommon trap: reason=class_check action=maybe_recompile pc=0x0000028b4adf4528 method=java.util.regex.Pattern$Start.match(Ljava/util/regex/Matcher;ILjava/lang/CharSequence;)Z @ 44 c2
Event: 497.896 Thread 0x0000028b5c8f0800 DEOPT PACKING pc=0x0000028b4adf4528 sp=0x000000aa57ff5eb0
Event: 497.896 Thread 0x0000028b5c8f0800 DEOPT UNPACKING pc=0x0000028b430da1af sp=0x000000aa57ff5df0 mode 2
Event: 497.896 Thread 0x0000028b5c8f0800 Uncommon trap: trap_request=0xffffffde fr.pc=0x0000028b4adf5444 relative=0x00000000000002e4
Event: 497.896 Thread 0x0000028b5c8f0800 Uncommon trap: reason=class_check action=maybe_recompile pc=0x0000028b4adf5444 method=java.util.regex.Pattern$Start.match(Ljava/util/regex/Matcher;ILjava/lang/CharSequence;)Z @ 44 c2
Event: 497.896 Thread 0x0000028b5c8f0800 DEOPT PACKING pc=0x0000028b4adf5444 sp=0x000000aa57ff5e30
Event: 497.896 Thread 0x0000028b5c8f0800 DEOPT UNPACKING pc=0x0000028b430da1af sp=0x000000aa57ff5df0 mode 2

Classes redefined (0 events):
No events

Internal exceptions (20 events):
Event: 253.602 Thread 0x0000028b5c8f0800 Exception <a 'java/lang/NoSuchMethodError'{0x000000008b5ca830}: 'java.lang.Object java.lang.invoke.DirectMethodHandle$Holder.invokeStatic(java.lang.Object, long)'> (0x000000008b5ca830) thrown at [./src/hotspot/share/interpreter/linkResolver.cpp, line 773]
Event: 253.602 Thread 0x0000028b5c8f0800 Exception <a 'java/lang/NoSuchMethodError'{0x000000008b5ceb48}: 'java.lang.Object java.lang.invoke.DirectMethodHandle$Holder.invokeSpecial(java.lang.Object, java.lang.Object, long)'> (0x000000008b5ceb48) thrown at [./src/hotspot/share/interpreter/linkResolver.cpp, line 773]
Event: 253.604 Thread 0x0000028b5c8f0800 Exception <a 'java/lang/NoSuchMethodError'{0x000000008b5d7528}: 'java.lang.Object java.lang.invoke.DirectMethodHandle$Holder.invokeStatic(java.lang.Object, java.lang.Object, long, java.lang.Object)'> (0x000000008b5d7528) thrown at [./src/hotspot/share/interpreter/linkResolver.cpp, line 773]
Event: 253.604 Thread 0x0000028b5c8f0800 Exception <a 'java/lang/NoSuchMethodError'{0x000000008b5db600}: 'java.lang.Object java.lang.invoke.DirectMethodHandle$Holder.invokeStaticInit(java.lang.Object, java.lang.Object, long, java.lang.Object)'> (0x000000008b5db600) thrown at [./src/hotspot/share/interpreter/linkResolver.cpp, line 773]
Event: 253.606 Thread 0x0000028b5c8f0800 Exception <a 'java/lang/ClassNotFoundException'{0x000000008b401190}: java/lang/ProcessImplBeanInfo> (0x000000008b401190) thrown at [./src/hotspot/share/classfile/systemDictionary.cpp, line 230]
Event: 253.606 Thread 0x0000028b5c8f0800 Exception <a 'java/lang/ClassNotFoundException'{0x000000008b406b80}: java/lang/ProcessBeanInfo> (0x000000008b406b80) thrown at [./src/hotspot/share/classfile/systemDictionary.cpp, line 230]
Event: 253.606 Thread 0x0000028b5c8f0800 Exception <a 'java/lang/ClassNotFoundException'{0x000000008b40c538}: java/lang/ProcessCustomizer> (0x000000008b40c538) thrown at [./src/hotspot/share/classfile/systemDictionary.cpp, line 230]
Event: 253.608 Thread 0x0000028b5c8f0800 Exception <a 'java/lang/ClassNotFoundException'{0x000000008b41cb80}: java/lang/ProcessImplCustomizer> (0x000000008b41cb80) thrown at [./src/hotspot/share/classfile/systemDictionary.cpp, line 230]
Event: 253.614 Thread 0x0000028b5c8f0800 Exception <a 'java/lang/ClassNotFoundException'{0x000000008b46eb80}: java/io/InputStreamReaderBeanInfo> (0x000000008b46eb80) thrown at [./src/hotspot/share/classfile/systemDictionary.cpp, line 230]
Event: 253.614 Thread 0x0000028b5c8f0800 Exception <a 'java/lang/ClassNotFoundException'{0x000000008b4744e8}: java/io/ReaderBeanInfo> (0x000000008b4744e8) thrown at [./src/hotspot/share/classfile/systemDictionary.cpp, line 230]
Event: 253.614 Thread 0x0000028b5c8f0800 Exception <a 'java/lang/ClassNotFoundException'{0x000000008b479e68}: java/io/ReaderCustomizer> (0x000000008b479e68) thrown at [./src/hotspot/share/classfile/systemDictionary.cpp, line 230]
Event: 253.614 Thread 0x0000028b5c8f0800 Exception <a 'java/lang/ClassNotFoundException'{0x000000008b484e68}: java/io/InputStreamReaderCustomizer> (0x000000008b484e68) thrown at [./src/hotspot/share/classfile/systemDictionary.cpp, line 230]
Event: 253.616 Thread 0x0000028b5c8f0800 Exception <a 'java/lang/ClassNotFoundException'{0x000000008b4a8ef0}: java/io/BufferedReaderBeanInfo> (0x000000008b4a8ef0) thrown at [./src/hotspot/share/classfile/systemDictionary.cpp, line 230]
Event: 253.616 Thread 0x0000028b5c8f0800 Exception <a 'java/lang/ClassNotFoundException'{0x000000008b4ae8b0}: java/io/BufferedReaderCustomizer> (0x000000008b4ae8b0) thrown at [./src/hotspot/share/classfile/systemDictionary.cpp, line 230]
Event: 253.619 Thread 0x0000028b5c8f0800 Exception <a 'java/lang/ClassNotFoundException'{0x000000008b3e5be8}: java/lang/StringBufferBeanInfo> (0x000000008b3e5be8) thrown at [./src/hotspot/share/classfile/systemDictionary.cpp, line 230]
Event: 253.619 Thread 0x0000028b5c8f0800 Exception <a 'java/lang/ClassNotFoundException'{0x000000008b3eb620}: java/lang/AbstractStringBuilderBeanInfo> (0x000000008b3eb620) thrown at [./src/hotspot/share/classfile/systemDictionary.cpp, line 230]
Event: 253.620 Thread 0x0000028b5c8f0800 Exception <a 'java/lang/ClassNotFoundException'{0x000000008b3f1190}: java/lang/AbstractStringBuilderCustomizer> (0x000000008b3f1190) thrown at [./src/hotspot/share/classfile/systemDictionary.cpp, line 230]
Event: 253.624 Thread 0x0000028b5c8f0800 Exception <a 'java/lang/ClassNotFoundException'{0x000000008b2d4ba8}: java/lang/StringBufferCustomizer> (0x000000008b2d4ba8) thrown at [./src/hotspot/share/classfile/systemDictionary.cpp, line 230]
Event: 497.893 Thread 0x0000028b5c8f0800 Exception <a 'java/lang/ClassNotFoundException'{0x000000008a696808}: java/lang/StringBeanInfo> (0x000000008a696808) thrown at [./src/hotspot/share/classfile/systemDictionary.cpp, line 230]
Event: 497.894 Thread 0x0000028b5c8f0800 Exception <a 'java/lang/ClassNotFoundException'{0x000000008a69c1c0}: java/lang/StringCustomizer> (0x000000008a69c1c0) thrown at [./src/hotspot/share/classfile/systemDictionary.cpp, line 230]

Events (20 events):
Event: 497.518 Executing VM operation: RevokeBias
Event: 497.518 Executing VM operation: RevokeBias done
Event: 497.519 loading class groovy/lang/GroovyRuntimeException
Event: 497.519 loading class groovy/lang/GroovyRuntimeException done
Event: 497.520 loading class org/codehaus/groovy/runtime/typehandling/DefaultTypeTransformation
Event: 497.520 loading class org/codehaus/groovy/runtime/typehandling/DefaultTypeTransformation done
Event: 497.520 loading class groovy/runtime/metaclass/java/lang/StringMetaClass
Event: 497.520 loading class groovy/runtime/metaclass/java/lang/StringMetaClass done
Event: 497.526 loading class java/lang/StringBeanInfo
Event: 497.892 loading class java/lang/StringBeanInfo done
Event: 497.893 loading class java/lang/StringBeanInfo
Event: 497.893 loading class java/lang/StringBeanInfo done
Event: 497.893 loading class java/lang/StringCustomizer
Event: 497.893 loading class java/lang/StringCustomizer done
Event: 497.894 loading class java/lang/StringCustomizer
Event: 497.894 loading class java/lang/StringCustomizer done
Event: 497.900 loading class org/codehaus/groovy/runtime/dgm$1154
Event: 497.900 loading class org/codehaus/groovy/runtime/dgm$1154 done
Event: 497.901 Executing VM operation: Deoptimize
Event: 497.907 Executing VM operation: Deoptimize done


Dynamic libraries:
0x00007ff7e1c80000 - 0x00007ff7e1c8d000 	C:\Program Files\Microsoft\jdk-11.0.18.10-hotspot\bin\java.exe
0x00007ffd4a1d0000 - 0x00007ffd4a3c8000 	C:\Windows\SYSTEM32\ntdll.dll
0x00007ffd48f70000 - 0x00007ffd4902f000 	C:\Windows\System32\KERNEL32.DLL
0x00007ffd47a10000 - 0x00007ffd47d06000 	C:\Windows\System32\KERNELBASE.dll
0x00007ffd48130000 - 0x00007ffd48230000 	C:\Windows\System32\ucrtbase.dll
0x00007ffd2bc70000 - 0x00007ffd2bc85000 	C:\Program Files\Microsoft\jdk-11.0.18.10-hotspot\bin\VCRUNTIME140.dll
0x00007ffd2bc50000 - 0x00007ffd2bc67000 	C:\Program Files\Microsoft\jdk-11.0.18.10-hotspot\bin\jli.dll
0x00007ffd48680000 - 0x00007ffd4881d000 	C:\Windows\System32\USER32.dll
0x00007ffd47d10000 - 0x00007ffd47d32000 	C:\Windows\System32\win32u.dll
0x00007ffd482e0000 - 0x00007ffd4830c000 	C:\Windows\System32\GDI32.dll
0x00007ffd47e90000 - 0x00007ffd47fa5000 	C:\Windows\System32\gdi32full.dll
0x00007ffd3c1c0000 - 0x00007ffd3c45a000 	C:\Windows\WinSxS\amd64_microsoft.windows.common-controls_6595b64144ccf1df_6.0.19041.1110_none_60b5254171f9507e\COMCTL32.dll
0x00007ffd49860000 - 0x00007ffd498fe000 	C:\Windows\System32\msvcrt.dll
0x00007ffd47df0000 - 0x00007ffd47e8d000 	C:\Windows\System32\msvcp_win.dll
0x00007ffd48520000 - 0x00007ffd48550000 	C:\Windows\System32\IMM32.DLL
0x00007ffd2bbb0000 - 0x00007ffd2bc4b000 	C:\Program Files\Microsoft\jdk-11.0.18.10-hotspot\bin\msvcp140.dll
0x00007ffcf6ff0000 - 0x00007ffcf7b82000 	C:\Program Files\Microsoft\jdk-11.0.18.10-hotspot\bin\server\jvm.dll
0x00007ffd49b60000 - 0x00007ffd49c0f000 	C:\Windows\System32\ADVAPI32.dll
0x00007ffd48310000 - 0x00007ffd483ac000 	C:\Windows\System32\sechost.dll
0x00007ffd49ff0000 - 0x00007ffd4a116000 	C:\Windows\System32\RPCRT4.dll
0x00007ffd484b0000 - 0x00007ffd484b8000 	C:\Windows\System32\PSAPI.DLL
0x00007ffd3c090000 - 0x00007ffd3c0b7000 	C:\Windows\SYSTEM32\WINMM.dll
0x00007ffd3f980000 - 0x00007ffd3f98a000 	C:\Windows\SYSTEM32\VERSION.dll
0x00007ffd300a0000 - 0x00007ffd300a9000 	C:\Windows\SYSTEM32\WSOCK32.dll
0x00007ffd490a0000 - 0x00007ffd4910b000 	C:\Windows\System32\WS2_32.dll
0x00007ffd45730000 - 0x00007ffd45742000 	C:\Windows\SYSTEM32\kernel.appcore.dll
0x00007ffd2bba0000 - 0x00007ffd2bbb0000 	C:\Program Files\Microsoft\jdk-11.0.18.10-hotspot\bin\verify.dll
0x00007ffd30fb0000 - 0x00007ffd31194000 	C:\Windows\SYSTEM32\DBGHELP.DLL
0x00007ffd30f70000 - 0x00007ffd30fa4000 	C:\Windows\SYSTEM32\dbgcore.DLL
0x00007ffd47fb0000 - 0x00007ffd48032000 	C:\Windows\System32\bcryptPrimitives.dll
0x00007ffd20830000 - 0x00007ffd20858000 	C:\Program Files\Microsoft\jdk-11.0.18.10-hotspot\bin\java.dll
0x00007ffd24ad0000 - 0x00007ffd24ada000 	C:\Program Files\Microsoft\jdk-11.0.18.10-hotspot\bin\jimage.dll
0x00007ffd1d220000 - 0x00007ffd1d238000 	C:\Program Files\Microsoft\jdk-11.0.18.10-hotspot\bin\zip.dll
0x00007ffd49110000 - 0x00007ffd49854000 	C:\Windows\System32\SHELL32.dll
0x00007ffd45930000 - 0x00007ffd460c3000 	C:\Windows\SYSTEM32\windows.storage.dll
0x00007ffd49c90000 - 0x00007ffd49fe4000 	C:\Windows\System32\combase.dll
0x00007ffd47140000 - 0x00007ffd4716e000 	C:\Windows\SYSTEM32\Wldp.dll
0x00007ffd48230000 - 0x00007ffd482dd000 	C:\Windows\System32\SHCORE.dll
0x00007ffd49030000 - 0x00007ffd49085000 	C:\Windows\System32\shlwapi.dll
0x00007ffd477e0000 - 0x00007ffd47805000 	C:\Windows\SYSTEM32\profapi.dll
0x00007ffd1d200000 - 0x00007ffd1d219000 	C:\Program Files\Microsoft\jdk-11.0.18.10-hotspot\bin\net.dll
0x00007ffd40240000 - 0x00007ffd4034a000 	C:\Windows\SYSTEM32\WINHTTP.dll
0x00007ffd46f20000 - 0x00007ffd46f8a000 	C:\Windows\system32\mswsock.dll
0x00007ffd1d1e0000 - 0x00007ffd1d1f3000 	C:\Program Files\Microsoft\jdk-11.0.18.10-hotspot\bin\nio.dll
0x00007ffd1b430000 - 0x00007ffd1b457000 	C:\Users\adminS\.gradle\native\68d5fa5c4cc2d200863cafc0d521ce42e7d3e7ee720ec0a83991735586a16f82\windows-amd64\native-platform.dll
0x00007ffcf6ea0000 - 0x00007ffcf6fe4000 	C:\Users\adminS\.gradle\native\e376f236ea51e6404a007f0833ffe2c6e607c4080706a723a18a27aeea778392\windows-amd64\native-platform-file-events.dll
0x00007ffd234d0000 - 0x00007ffd234d9000 	C:\Program Files\Microsoft\jdk-11.0.18.10-hotspot\bin\management.dll
0x00007ffd22540000 - 0x00007ffd2254b000 	C:\Program Files\Microsoft\jdk-11.0.18.10-hotspot\bin\management_ext.dll
0x00007ffd47180000 - 0x00007ffd47198000 	C:\Windows\SYSTEM32\CRYPTSP.dll
0x00007ffd46850000 - 0x00007ffd46884000 	C:\Windows\system32\rsaenh.dll
0x00007ffd48090000 - 0x00007ffd480b7000 	C:\Windows\System32\bcrypt.dll
0x00007ffd47760000 - 0x00007ffd4778e000 	C:\Windows\SYSTEM32\USERENV.dll
0x00007ffd470b0000 - 0x00007ffd470bc000 	C:\Windows\SYSTEM32\CRYPTBASE.dll
0x00007ffd46c30000 - 0x00007ffd46c6b000 	C:\Windows\SYSTEM32\IPHLPAPI.DLL
0x00007ffd4a180000 - 0x00007ffd4a188000 	C:\Windows\System32\NSI.dll
0x00007ffd3ff70000 - 0x00007ffd3ff87000 	C:\Windows\SYSTEM32\dhcpcsvc6.DLL
0x00007ffd3fec0000 - 0x00007ffd3fedd000 	C:\Windows\SYSTEM32\dhcpcsvc.DLL
0x00007ffd46c70000 - 0x00007ffd46d3a000 	C:\Windows\SYSTEM32\DNSAPI.dll

dbghelp: loaded successfully - version: 4.0.5 - missing functions: none
symbol engine: initialized successfully - sym options: 0x614 - pdb path: .;C:\Program Files\Microsoft\jdk-11.0.18.10-hotspot\bin;C:\Windows\SYSTEM32;C:\Windows\WinSxS\amd64_microsoft.windows.common-controls_6595b64144ccf1df_6.0.19041.1110_none_60b5254171f9507e;C:\Program Files\Microsoft\jdk-11.0.18.10-hotspot\bin\server;C:\Users\adminS\.gradle\native\68d5fa5c4cc2d200863cafc0d521ce42e7d3e7ee720ec0a83991735586a16f82\windows-amd64;C:\Users\adminS\.gradle\native\e376f236ea51e6404a007f0833ffe2c6e607c4080706a723a18a27aeea778392\windows-amd64

VM Arguments:
jvm_args: -XX:MaxMetaspaceSize=512m --add-opens=java.base/java.util=ALL-UNNAMED --add-opens=java.base/java.lang=ALL-UNNAMED --add-opens=java.base/java.lang.invoke=ALL-UNNAMED --add-opens=java.prefs/java.util.prefs=ALL-UNNAMED --add-opens=java.base/java.nio.charset=ALL-UNNAMED --add-opens=java.base/java.net=ALL-UNNAMED --add-opens=java.base/java.util.concurrent.atomic=ALL-UNNAMED -Xmx2048m -Dfile.encoding=windows-1252 -Duser.country=IN -Duser.language=en -Duser.variant 
java_command: org.gradle.launcher.daemon.bootstrap.GradleDaemon 8.0.1
java_class_path (initial): C:\Users\adminS\.gradle\wrapper\dists\gradle-8.0.1-all\aro4hu1c3oeioove7l0i4i14o\gradle-8.0.1\lib\gradle-launcher-8.0.1.jar
Launcher Type: SUN_STANDARD

[Global flags]
     intx CICompilerCount                          = 12                                        {product} {ergonomic}
   size_t CompressedClassSpaceSize                 = 528482304                                 {product} {ergonomic}
     uint ConcGCThreads                            = 3                                         {product} {ergonomic}
     uint G1ConcRefinementThreads                  = 13                                        {product} {ergonomic}
   size_t G1HeapRegionSize                         = 1048576                                   {product} {ergonomic}
    uintx GCDrainStackTargetSize                   = 64                                        {product} {ergonomic}
   size_t InitialHeapSize                          = 268435456                                 {product} {ergonomic}
   size_t MarkStackSize                            = 4194304                                   {product} {ergonomic}
   size_t MaxHeapSize                              = 2147483648                                {product} {command line}
   size_t MaxMetaspaceSize                         = 536870912                                 {product} {command line}
   size_t MaxNewSize                               = 1287651328                                {product} {ergonomic}
   size_t MinHeapDeltaBytes                        = 1048576                                   {product} {ergonomic}
    uintx NonNMethodCodeHeapSize                   = 7594288                                {pd product} {ergonomic}
    uintx NonProfiledCodeHeapSize                  = 122031976                              {pd product} {ergonomic}
    uintx ProfiledCodeHeapSize                     = 122031976                              {pd product} {ergonomic}
    uintx ReservedCodeCacheSize                    = 251658240                              {pd product} {ergonomic}
     bool SegmentedCodeCache                       = true                                      {product} {ergonomic}
     bool UseCompressedClassPointers               = true                                 {lp64_product} {ergonomic}
     bool UseCompressedOops                        = true                                 {lp64_product} {ergonomic}
     bool UseG1GC                                  = true                                      {product} {ergonomic}
     bool UseLargePagesIndividualAllocation        = false                                  {pd product} {ergonomic}

Logging:
Log output configuration:
 #0: stdout all=warning uptime,level,tags
 #1: stderr all=off uptime,level,tags

Environment Variables:
JAVA_HOME=C:\Program Files\Microsoft\jdk-11.0.18.10-hotspot\
CLASSPATH=D:\data22feb\Disk D Folder\Projects\finance clone\finance_mobile_app\android\\gradle\wrapper\gradle-wrapper.jar
PATH=D:\data22feb\Disk D Folder\Projects\finance clone\finance_mobile_app\node_modules\.bin;D:\data22feb\Disk D Folder\Projects\finance clone\finance_mobile_app\node_modules\.bin;D:\data22feb\Disk D Folder\Projects\finance clone\node_modules\.bin;D:\data22feb\Disk D Folder\Projects\node_modules\.bin;D:\data22feb\Disk D Folder\node_modules\.bin;D:\data22feb\node_modules\.bin;D:\node_modules\.bin;D:\data22feb\Disk D Folder\Projects\finance clone\finance_mobile_app\node_modules\npm\node_modules\@npmcli\run-script\lib\node-gyp-bin;D:\data22feb\Disk D Folder\Projects\finance clone\finance_mobile_app\node_modules\.bin;D:\data22feb\Disk D Folder\Projects\finance clone\node_modules\.bin;D:\data22feb\Disk D Folder\Projects\node_modules\.bin;D:\data22feb\Disk D Folder\node_modules\.bin;D:\data22feb\node_modules\.bin;D:\node_modules\.bin;C:\Users\adminS\AppData\Roaming\npm\node_modules\npm\node_modules\@npmcli\run-script\lib\node-gyp-bin;C:\Program Files\Microsoft\jdk-11.0.18.10-hotspot\bin;C:\Python311\Scripts\;C:\Python311\;C:\Windows\system32;C:\Windows;C:\Windows\System32\Wbem;C:\Windows\System32\WindowsPowerShell\v1.0\;C:\Windows\System32\OpenSSH\;C:\Program Files (x86)\NVIDIA Corporation\PhysX\Common;C:\Program Files\Git\cmd;C:\src\flutter\bin;C:\Program Files\nodejs\;C:\ProgramData\chocolatey\bin;%LOCALAPPDATA%\Android\Sdk\platform-tools;C:\Users\adminS\AppData\Local\Microsoft\WindowsApps;C:\src\flutter\bin;C:\Users\adminS\AppData\Local\GitHubDesktop\bin;C:\ProgramData\adminS\GitHubDesktop\bin;C:\Users\adminS\AppData\Local\Programs\Microsoft VS Code\bin;C:\Users\adminS\AppData\Roaming\npm
USERNAME=adminS
LANG=en_US.UTF-8
OS=Windows_NT
PROCESSOR_IDENTIFIER=Intel64 Family 6 Model 165 Stepping 5, GenuineIntel
TMP=C:\Users\adminS\AppData\Local\Temp
TEMP=C:\Users\adminS\AppData\Local\Temp



---------------  S Y S T E M  ---------------

OS: Windows 10 , 64 bit Build 19041 (10.0.19041.3155)
OS uptime: 2 days 22:01 hours
Hyper-V role detected

CPU:total 16 (initial active 16) (8 cores per cpu, 2 threads per core) family 6 model 165 stepping 5 microcode 0xc8, cmov, cx8, fxsr, mmx, sse, sse2, sse3, ssse3, sse4.1, sse4.2, popcnt, avx, avx2, aes, clmul, erms, 3dnowpref, lzcnt, ht, tsc, tscinvbit, bmi1, bmi2, adx, fma

Memory: 4k page, system-wide physical 16294M (871M free)
TotalPageFile size 51710M (AvailPageFile size 6495M)
current process WorkingSet (physical memory assigned to process): 64M, peak: 274M
current process commit charge ("private bytes"): 435M, peak: 462M

vm_info: OpenJDK 64-Bit Server VM (11.0.18+10-LTS) for windows-amd64 JRE (11.0.18+10-LTS), built on Jan 18 2023 15:56:47 by "MicrosoftCorporation" with MS VC++ 15.9 (VS2017)

END.
