#
# There is insufficient memory for the Java Runtime Environment to continue.
# Native memory allocation (malloc) failed to allocate 182736 bytes for Chunk::new
# Possible reasons:
#   The system is out of physical RAM or swap space
#   The process is running with CompressedOops enabled, and the Java Heap may be blocking the growth of the native heap
# Possible solutions:
#   Reduce memory load on the system
#   Increase physical memory or swap space
#   Check if swap backing store is full
#   Decrease Java heap size (-Xmx/-Xms)
#   Decrease number of Java threads
#   Decrease Java thread stack sizes (-Xss)
#   Set larger code cache with -XX:ReservedCodeCacheSize=
#   JVM is running with Unscaled Compressed Oops mode in which the Java heap is
#     placed in the first 4GB address space. The Java Heap base address is the
#     maximum limit for the native heap growth. Please use -XX:HeapBaseMinAddress
#     to set the Java Heap base and to place the Java Heap above 4GB virtual address.
# This output file may be truncated or incomplete.
#
#  Out of Memory Error (./src/hotspot/share/memory/arena.cpp:197), pid=18768, tid=31840
#
# JRE version: OpenJDK Runtime Environment Microsoft-7208460 (11.0.18+10) (build 11.0.18+10-LTS)
# Java VM: OpenJDK 64-Bit Server VM Microsoft-7208460 (11.0.18+10-LTS, mixed mode, tiered, compressed oops, g1 gc, windows-amd64)
# No core dump will be written. Minidumps are not enabled by default on client versions of Windows
#

---------------  S U M M A R Y ------------

Command Line: -XX:MaxMetaspaceSize=512m --add-opens=java.base/java.util=ALL-UNNAMED --add-opens=java.base/java.lang=ALL-UNNAMED --add-opens=java.base/java.lang.invoke=ALL-UNNAMED --add-opens=java.prefs/java.util.prefs=ALL-UNNAMED --add-opens=java.base/java.nio.charset=ALL-UNNAMED --add-opens=java.base/java.net=ALL-UNNAMED --add-opens=java.base/java.util.concurrent.atomic=ALL-UNNAMED -Xmx2048m -Dfile.encoding=windows-1252 -Duser.country=IN -Duser.language=en -Duser.variant org.gradle.launcher.daemon.bootstrap.GradleDaemon 8.0.1

Host: Intel(R) Core(TM) i7-10700F CPU @ 2.90GHz, 16 cores, 15G,  Windows 10 , 64 bit Build 19041 (10.0.19041.3155)
Time: Mon Aug 28 16:27:36 2023 India Standard Time elapsed time: 529.599694 seconds (0d 0h 8m 49s)

---------------  T H R E A D  ---------------

Current thread (0x000001f3a25d1800):  JavaThread "C2 CompilerThread0" daemon [_thread_in_native, id=31840, stack(0x000000a8fc700000,0x000000a8fc800000)]


Current CompileTask:
C2: 529599 4472       4       org.gradle.internal.remote.internal.inet.MultiChoiceAddressSerializer::read (95 bytes)

Stack: [0x000000a8fc700000,0x000000a8fc800000]
Native frames: (J=compiled Java code, j=interpreted, Vv=VM code, C=native code)
V  [jvm.dll+0x62bf8a]
V  [jvm.dll+0x7b8fb9]
V  [jvm.dll+0x7ba6a8]
V  [jvm.dll+0x7bad83]
V  [jvm.dll+0x250248]
V  [jvm.dll+0xc260c]
V  [jvm.dll+0xc2bcc]
V  [jvm.dll+0x2c4e64]
V  [jvm.dll+0x533dcc]
V  [jvm.dll+0x208c26]
V  [jvm.dll+0x20ad9f]
V  [jvm.dll+0x2083eb]
V  [jvm.dll+0x18a4b1]
V  [jvm.dll+0x217eec]
V  [jvm.dll+0x21612b]
V  [jvm.dll+0x77bac0]
V  [jvm.dll+0x7749f4]
V  [jvm.dll+0x62adf5]
C  [ucrtbase.dll+0x21bb2]
C  [KERNEL32.DLL+0x17614]
C  [ntdll.dll+0x526b1]


---------------  P R O C E S S  ---------------

Threads class SMR info:
_java_thread_list=0x000001f3a6baa370, length=34, elements={
0x000001f382092000, 0x000001f3a256a000, 0x000001f3a256c000, 0x000001f3a25c8000,
0x000001f3a25cc000, 0x000001f3a25cd000, 0x000001f3a25d1800, 0x000001f3a25d4800,
0x000001f3a25d5800, 0x000001f3a2750800, 0x000001f3a2b28000, 0x000001f3a3146000,
0x000001f3a33cb000, 0x000001f3a3503800, 0x000001f3a3e79000, 0x000001f3a3b00000,
0x000001f3a3e1a000, 0x000001f3a3e1c000, 0x000001f3a3ef5800, 0x000001f3a40b6000,
0x000001f3a40b8800, 0x000001f3a40b6800, 0x000001f3a40b9000, 0x000001f3a40b3800,
0x000001f3a40b5000, 0x000001f3a40b4800, 0x000001f3a40ba000, 0x000001f3a4063800,
0x000001f3a4061000, 0x000001f3a4062000, 0x000001f3a4060800, 0x000001f3a4065000,
0x000001f3a4064800, 0x000001f3a405f800
}

Java Threads: ( => current thread )
  0x000001f382092000 JavaThread "main" [_thread_blocked, id=31124, stack(0x000000a8fbb00000,0x000000a8fbc00000)]
  0x000001f3a256a000 JavaThread "Reference Handler" daemon [_thread_blocked, id=31468, stack(0x000000a8fc200000,0x000000a8fc300000)]
  0x000001f3a256c000 JavaThread "Finalizer" daemon [_thread_blocked, id=31472, stack(0x000000a8fc300000,0x000000a8fc400000)]
  0x000001f3a25c8000 JavaThread "Signal Dispatcher" daemon [_thread_blocked, id=15484, stack(0x000000a8fc400000,0x000000a8fc500000)]
  0x000001f3a25cc000 JavaThread "Attach Listener" daemon [_thread_blocked, id=31812, stack(0x000000a8fc500000,0x000000a8fc600000)]
  0x000001f3a25cd000 JavaThread "Service Thread" daemon [_thread_blocked, id=31828, stack(0x000000a8fc600000,0x000000a8fc700000)]
=>0x000001f3a25d1800 JavaThread "C2 CompilerThread0" daemon [_thread_in_native, id=31840, stack(0x000000a8fc700000,0x000000a8fc800000)]
  0x000001f3a25d4800 JavaThread "C1 CompilerThread0" daemon [_thread_blocked, id=31852, stack(0x000000a8fc800000,0x000000a8fc900000)]
  0x000001f3a25d5800 JavaThread "Sweeper thread" daemon [_thread_blocked, id=31876, stack(0x000000a8fc900000,0x000000a8fca00000)]
  0x000001f3a2750800 JavaThread "Common-Cleaner" daemon [_thread_blocked, id=32556, stack(0x000000a8fca00000,0x000000a8fcb00000)]
  0x000001f3a2b28000 JavaThread "Daemon health stats" [_thread_blocked, id=18264, stack(0x000000a8fb800000,0x000000a8fb900000)]
  0x000001f3a3146000 JavaThread "Incoming local TCP Connector on port 64385" [_thread_in_native, id=24124, stack(0x000000a8fd200000,0x000000a8fd300000)]
  0x000001f3a33cb000 JavaThread "Daemon periodic checks" [_thread_blocked, id=20316, stack(0x000000a8fba00000,0x000000a8fbb00000)]
  0x000001f3a3503800 JavaThread "Daemon" [_thread_blocked, id=13328, stack(0x000000a8fcc00000,0x000000a8fcd00000)]
  0x000001f3a3e79000 JavaThread "Handler for socket connection from /127.0.0.1:64385 to /127.0.0.1:64387" [_thread_in_native, id=15228, stack(0x000000a8fd300000,0x000000a8fd400000)]
  0x000001f3a3b00000 JavaThread "Cancel handler" [_thread_blocked, id=15000, stack(0x000000a8fd400000,0x000000a8fd500000)]
  0x000001f3a3e1a000 JavaThread "Daemon worker" [_thread_in_native, id=11144, stack(0x000000a8fd500000,0x000000a8fd600000)]
  0x000001f3a3e1c000 JavaThread "Asynchronous log dispatcher for DefaultDaemonConnection: socket connection from /127.0.0.1:64385 to /127.0.0.1:64387" [_thread_blocked, id=29720, stack(0x000000a8fd600000,0x000000a8fd700000)]
  0x000001f3a3ef5800 JavaThread "Daemon client event forwarder" [_thread_blocked, id=2168, stack(0x000000a8fd800000,0x000000a8fd900000)]
  0x000001f3a40b6000 JavaThread "Cache worker for journal cache (C:\Users\adminS\.gradle\caches\journal-1)" [_thread_blocked, id=12224, stack(0x000000a8fe400000,0x000000a8fe500000)]
  0x000001f3a40b8800 JavaThread "File lock request listener" [_thread_in_native, id=20060, stack(0x000000a8fe500000,0x000000a8fe600000)]
  0x000001f3a40b6800 JavaThread "Cache worker for file hash cache (C:\Users\adminS\.gradle\caches\8.0.1\fileHashes)" [_thread_blocked, id=30060, stack(0x000000a8fb900000,0x000000a8fba00000)]
  0x000001f3a40b9000 JavaThread "File watcher server" daemon [_thread_in_native, id=4344, stack(0x000000a8fe600000,0x000000a8fe700000)]
  0x000001f3a40b3800 JavaThread "File watcher consumer" daemon [_thread_blocked, id=10312, stack(0x000000a8fe700000,0x000000a8fe800000)]
  0x000001f3a40b5000 JavaThread "Cache worker for checksums cache (D:\data22feb\Disk D Folder\Projects\finance clone\finance_mobile_app\android\.gradle\8.0.1\checksums)" [_thread_blocked, id=32180, stack(0x000000a8fe800000,0x000000a8fe900000)]
  0x000001f3a40b4800 JavaThread "Cache worker for cache directory md-rule (C:\Users\adminS\.gradle\caches\8.0.1\md-rule)" [_thread_blocked, id=8456, stack(0x000000a8fe900000,0x000000a8fea00000)]
  0x000001f3a40ba000 JavaThread "Cache worker for file content cache (C:\Users\adminS\.gradle\caches\8.0.1\fileContent)" [_thread_blocked, id=6244, stack(0x000000a8fea00000,0x000000a8feb00000)]
  0x000001f3a4063800 JavaThread "Cache worker for file hash cache (D:\data22feb\Disk D Folder\Projects\finance clone\finance_mobile_app\android\.gradle\8.0.1\fileHashes)" [_thread_blocked, id=32148, stack(0x000000a8fec00000,0x000000a8fed00000)]
  0x000001f3a4061000 JavaThread "Cache worker for cache directory md-supplier (C:\Users\adminS\.gradle\caches\8.0.1\md-supplier)" [_thread_blocked, id=15628, stack(0x000000a8fed00000,0x000000a8fee00000)]
  0x000001f3a4062000 JavaThread "Cache worker for execution history cache (C:\Users\adminS\.gradle\caches\8.0.1\executionHistory)" [_thread_blocked, id=32792, stack(0x000000a8fee00000,0x000000a8fef00000)]
  0x000001f3a4060800 JavaThread "jar transforms" [_thread_blocked, id=16120, stack(0x000000a8feb00000,0x000000a8fec00000)]
  0x000001f3a4065000 JavaThread "jar transforms Thread 2" [_thread_blocked, id=30404, stack(0x000000a8fef00000,0x000000a8ff000000)]
  0x000001f3a4064800 JavaThread "jar transforms Thread 3" [_thread_blocked, id=33604, stack(0x000000a8ff000000,0x000000a8ff100000)]
  0x000001f3a405f800 JavaThread "jar transforms Thread 4" [_thread_blocked, id=26336, stack(0x000000a8ff200000,0x000000a8ff300000)]

Other Threads:
  0x000001f3a2566000 VMThread "VM Thread" [stack: 0x000000a8fc100000,0x000000a8fc200000] [id=31448]
  0x000001f3a277b800 WatcherThread [stack: 0x000000a8fcb00000,0x000000a8fcc00000] [id=32636]
  0x000001f3820ab800 GCTaskThread "GC Thread#0" [stack: 0x000000a8fbc00000,0x000000a8fbd00000] [id=31200]
  0x000001f3a2635000 GCTaskThread "GC Thread#1" [stack: 0x000000a8fcd00000,0x000000a8fce00000] [id=22564]
  0x000001f3a2c2c000 GCTaskThread "GC Thread#2" [stack: 0x000000a8fce00000,0x000000a8fcf00000] [id=22568]
  0x000001f3a2c2d000 GCTaskThread "GC Thread#3" [stack: 0x000000a8fcf00000,0x000000a8fd000000] [id=22752]
  0x000001f3a2c86000 GCTaskThread "GC Thread#4" [stack: 0x000000a8fd000000,0x000000a8fd100000] [id=22756]
  0x000001f3a2c87000 GCTaskThread "GC Thread#5" [stack: 0x000000a8fd100000,0x000000a8fd200000] [id=22876]
  0x000001f3a4adc800 GCTaskThread "GC Thread#6" [stack: 0x000000a8fdb00000,0x000000a8fdc00000] [id=17940]
  0x000001f3a2b9e000 GCTaskThread "GC Thread#7" [stack: 0x000000a8fdc00000,0x000000a8fdd00000] [id=18220]
  0x000001f3a369d000 GCTaskThread "GC Thread#8" [stack: 0x000000a8fdd00000,0x000000a8fde00000] [id=9380]
  0x000001f3a36d3000 GCTaskThread "GC Thread#9" [stack: 0x000000a8fde00000,0x000000a8fdf00000] [id=17080]
  0x000001f3a328d000 GCTaskThread "GC Thread#10" [stack: 0x000000a8fdf00000,0x000000a8fe000000] [id=21132]
  0x000001f3a2aee800 GCTaskThread "GC Thread#11" [stack: 0x000000a8fe000000,0x000000a8fe100000] [id=17096]
  0x000001f3a3848800 GCTaskThread "GC Thread#12" [stack: 0x000000a8fe100000,0x000000a8fe200000] [id=13232]
  0x000001f3820dd000 ConcurrentGCThread "G1 Main Marker" [stack: 0x000000a8fbd00000,0x000000a8fbe00000] [id=31212]
  0x000001f3820de800 ConcurrentGCThread "G1 Conc#0" [stack: 0x000000a8fbe00000,0x000000a8fbf00000] [id=31216]
  0x000001f3a2631000 ConcurrentGCThread "G1 Conc#1" [stack: 0x000000a8fe200000,0x000000a8fe300000] [id=26576]
  0x000001f3a3bfc800 ConcurrentGCThread "G1 Conc#2" [stack: 0x000000a8fe300000,0x000000a8fe400000] [id=25976]
  0x000001f3a1bd3000 ConcurrentGCThread "G1 Refine#0" [stack: 0x000000a8fbf00000,0x000000a8fc000000] [id=31380]
  0x000001f3a1bd4000 ConcurrentGCThread "G1 Young RemSet Sampling" [stack: 0x000000a8fc000000,0x000000a8fc100000] [id=31384]

Threads with active compile tasks:
C2 CompilerThread0   532395 4472       4       org.gradle.internal.remote.internal.inet.MultiChoiceAddressSerializer::read (95 bytes)

VM state:not at safepoint (normal execution)

VM Mutex/Monitor currently owned by a thread: None

Heap address: 0x0000000080000000, size: 2048 MB, Compressed Oops mode: 32-bit
Narrow klass base: 0x0000000000000000, Narrow klass shift: 3
Compressed class space size: 528482304 Address: 0x0000000100000000

Heap:
 garbage-first heap   total 262144K, used 112642K [0x0000000080000000, 0x0000000100000000)
  region size 1024K, 92 young (94208K), 6 survivors (6144K)
 Metaspace       used 41735K, capacity 42819K, committed 42832K, reserved 555008K
  class space    used 5214K, capacity 5625K, committed 5632K, reserved 516096K
Heap Regions: E=young(eden), S=young(survivor), O=old, HS=humongous(starts), HC=humongous(continues), CS=collection set, F=free, A=archive, TAMS=top-at-mark-start (previous, next)
|   0|0x0000000080000000, 0x0000000080100000, 0x0000000080100000|100%|HS|  |TAMS 0x0000000080100000, 0x0000000080000000| Complete 
|   1|0x0000000080100000, 0x0000000080200000, 0x0000000080200000|100%|HC|  |TAMS 0x0000000080200000, 0x0000000080100000| Complete 
|   2|0x0000000080200000, 0x0000000080300000, 0x0000000080300000|100%|HC|  |TAMS 0x0000000080300000, 0x0000000080200000| Complete 
|   3|0x0000000080300000, 0x0000000080400000, 0x0000000080400000|100%|HC|  |TAMS 0x0000000080400000, 0x0000000080300000| Complete 
|   4|0x0000000080400000, 0x0000000080500000, 0x0000000080500000|100%| O|  |TAMS 0x0000000080500000, 0x0000000080400000| Untracked 
|   5|0x0000000080500000, 0x0000000080600000, 0x0000000080600000|100%| O|  |TAMS 0x0000000080600000, 0x0000000080500000| Untracked 
|   6|0x0000000080600000, 0x0000000080700000, 0x0000000080700000|100%| O|  |TAMS 0x0000000080700000, 0x0000000080600000| Untracked 
|   7|0x0000000080700000, 0x0000000080800000, 0x0000000080800000|100%| O|  |TAMS 0x0000000080800000, 0x0000000080700000| Untracked 
|   8|0x0000000080800000, 0x0000000080900000, 0x0000000080900000|100%| O|  |TAMS 0x0000000080900000, 0x0000000080800000| Untracked 
|   9|0x0000000080900000, 0x0000000080a00000, 0x0000000080a00000|100%| O|  |TAMS 0x0000000080a00000, 0x0000000080900000| Untracked 
|  10|0x0000000080a00000, 0x0000000080b00000, 0x0000000080b00000|100%| O|  |TAMS 0x0000000080b00000, 0x0000000080a00000| Untracked 
|  11|0x0000000080b00000, 0x0000000080c00000, 0x0000000080c00000|100%| O|  |TAMS 0x0000000080c00000, 0x0000000080b00000| Untracked 
|  12|0x0000000080c00000, 0x0000000080d00000, 0x0000000080d00000|100%| O|  |TAMS 0x0000000080d00000, 0x0000000080c00000| Untracked 
|  13|0x0000000080d00000, 0x0000000080e00000, 0x0000000080e00000|100%| O|  |TAMS 0x0000000080e00000, 0x0000000080d00000| Untracked 
|  14|0x0000000080e00000, 0x0000000080f00000, 0x0000000080f00000|100%| O|  |TAMS 0x0000000080f00000, 0x0000000080e00000| Untracked 
|  15|0x0000000080f00000, 0x0000000081000000, 0x0000000081000000|100%| O|  |TAMS 0x0000000081000000, 0x0000000080f00000| Untracked 
|  16|0x0000000081000000, 0x0000000081100000, 0x0000000081100000|100%| O|  |TAMS 0x0000000081100000, 0x0000000081000000| Untracked 
|  17|0x0000000081100000, 0x0000000081184e00, 0x0000000081200000| 51%| O|  |TAMS 0x0000000081184e00, 0x0000000081100000| Untracked 
|  18|0x0000000081200000, 0x0000000081300000, 0x0000000081300000|100%|HS|  |TAMS 0x0000000081200000, 0x0000000081200000| Complete 
|  19|0x0000000081300000, 0x0000000081400000, 0x0000000081400000|100%|HS|  |TAMS 0x0000000081300000, 0x0000000081300000| Complete 
|  20|0x0000000081400000, 0x0000000081500000, 0x0000000081500000|100%|HC|  |TAMS 0x0000000081400000, 0x0000000081400000| Complete 
|  21|0x0000000081500000, 0x0000000081500000, 0x0000000081600000|  0%| F|  |TAMS 0x0000000081500000, 0x0000000081500000| Untracked 
|  22|0x0000000081600000, 0x0000000081600000, 0x0000000081700000|  0%| F|  |TAMS 0x0000000081600000, 0x0000000081600000| Untracked 
|  23|0x0000000081700000, 0x0000000081700000, 0x0000000081800000|  0%| F|  |TAMS 0x0000000081700000, 0x0000000081700000| Untracked 
|  24|0x0000000081800000, 0x0000000081800000, 0x0000000081900000|  0%| F|  |TAMS 0x0000000081800000, 0x0000000081800000| Untracked 
|  25|0x0000000081900000, 0x0000000081900000, 0x0000000081a00000|  0%| F|  |TAMS 0x0000000081900000, 0x0000000081900000| Untracked 
|  26|0x0000000081a00000, 0x0000000081a00000, 0x0000000081b00000|  0%| F|  |TAMS 0x0000000081a00000, 0x0000000081a00000| Untracked 
|  27|0x0000000081b00000, 0x0000000081b00000, 0x0000000081c00000|  0%| F|  |TAMS 0x0000000081b00000, 0x0000000081b00000| Untracked 
|  28|0x0000000081c00000, 0x0000000081c00000, 0x0000000081d00000|  0%| F|  |TAMS 0x0000000081c00000, 0x0000000081c00000| Untracked 
|  29|0x0000000081d00000, 0x0000000081d00000, 0x0000000081e00000|  0%| F|  |TAMS 0x0000000081d00000, 0x0000000081d00000| Untracked 
|  30|0x0000000081e00000, 0x0000000081e00000, 0x0000000081f00000|  0%| F|  |TAMS 0x0000000081e00000, 0x0000000081e00000| Untracked 
|  31|0x0000000081f00000, 0x0000000081f00000, 0x0000000082000000|  0%| F|  |TAMS 0x0000000081f00000, 0x0000000081f00000| Untracked 
|  32|0x0000000082000000, 0x0000000082000000, 0x0000000082100000|  0%| F|  |TAMS 0x0000000082000000, 0x0000000082000000| Untracked 
|  33|0x0000000082100000, 0x0000000082100000, 0x0000000082200000|  0%| F|  |TAMS 0x0000000082100000, 0x0000000082100000| Untracked 
|  34|0x0000000082200000, 0x0000000082200000, 0x0000000082300000|  0%| F|  |TAMS 0x0000000082200000, 0x0000000082200000| Untracked 
|  35|0x0000000082300000, 0x0000000082300000, 0x0000000082400000|  0%| F|  |TAMS 0x0000000082300000, 0x0000000082300000| Untracked 
|  36|0x0000000082400000, 0x0000000082400000, 0x0000000082500000|  0%| F|  |TAMS 0x0000000082400000, 0x0000000082400000| Untracked 
|  37|0x0000000082500000, 0x0000000082500000, 0x0000000082600000|  0%| F|  |TAMS 0x0000000082500000, 0x0000000082500000| Untracked 
|  38|0x0000000082600000, 0x0000000082600000, 0x0000000082700000|  0%| F|  |TAMS 0x0000000082600000, 0x0000000082600000| Untracked 
|  39|0x0000000082700000, 0x0000000082700000, 0x0000000082800000|  0%| F|  |TAMS 0x0000000082700000, 0x0000000082700000| Untracked 
|  40|0x0000000082800000, 0x0000000082800000, 0x0000000082900000|  0%| F|  |TAMS 0x0000000082800000, 0x0000000082800000| Untracked 
|  41|0x0000000082900000, 0x0000000082900000, 0x0000000082a00000|  0%| F|  |TAMS 0x0000000082900000, 0x0000000082900000| Untracked 
|  42|0x0000000082a00000, 0x0000000082a00000, 0x0000000082b00000|  0%| F|  |TAMS 0x0000000082a00000, 0x0000000082a00000| Untracked 
|  43|0x0000000082b00000, 0x0000000082b00000, 0x0000000082c00000|  0%| F|  |TAMS 0x0000000082b00000, 0x0000000082b00000| Untracked 
|  44|0x0000000082c00000, 0x0000000082c00000, 0x0000000082d00000|  0%| F|  |TAMS 0x0000000082c00000, 0x0000000082c00000| Untracked 
|  45|0x0000000082d00000, 0x0000000082d00000, 0x0000000082e00000|  0%| F|  |TAMS 0x0000000082d00000, 0x0000000082d00000| Untracked 
|  46|0x0000000082e00000, 0x0000000082e00000, 0x0000000082f00000|  0%| F|  |TAMS 0x0000000082e00000, 0x0000000082e00000| Untracked 
|  47|0x0000000082f00000, 0x0000000082f00000, 0x0000000083000000|  0%| F|  |TAMS 0x0000000082f00000, 0x0000000082f00000| Untracked 
|  48|0x0000000083000000, 0x0000000083000000, 0x0000000083100000|  0%| F|  |TAMS 0x0000000083000000, 0x0000000083000000| Untracked 
|  49|0x0000000083100000, 0x0000000083100000, 0x0000000083200000|  0%| F|  |TAMS 0x0000000083100000, 0x0000000083100000| Untracked 
|  50|0x0000000083200000, 0x0000000083200000, 0x0000000083300000|  0%| F|  |TAMS 0x0000000083200000, 0x0000000083200000| Untracked 
|  51|0x0000000083300000, 0x0000000083300000, 0x0000000083400000|  0%| F|  |TAMS 0x0000000083300000, 0x0000000083300000| Untracked 
|  52|0x0000000083400000, 0x0000000083400000, 0x0000000083500000|  0%| F|  |TAMS 0x0000000083400000, 0x0000000083400000| Untracked 
|  53|0x0000000083500000, 0x0000000083500000, 0x0000000083600000|  0%| F|  |TAMS 0x0000000083500000, 0x0000000083500000| Untracked 
|  54|0x0000000083600000, 0x0000000083600000, 0x0000000083700000|  0%| F|  |TAMS 0x0000000083600000, 0x0000000083600000| Untracked 
|  55|0x0000000083700000, 0x0000000083700000, 0x0000000083800000|  0%| F|  |TAMS 0x0000000083700000, 0x0000000083700000| Untracked 
|  56|0x0000000083800000, 0x0000000083800000, 0x0000000083900000|  0%| F|  |TAMS 0x0000000083800000, 0x0000000083800000| Untracked 
|  57|0x0000000083900000, 0x0000000083900000, 0x0000000083a00000|  0%| F|  |TAMS 0x0000000083900000, 0x0000000083900000| Untracked 
|  58|0x0000000083a00000, 0x0000000083a00000, 0x0000000083b00000|  0%| F|  |TAMS 0x0000000083a00000, 0x0000000083a00000| Untracked 
|  59|0x0000000083b00000, 0x0000000083b00000, 0x0000000083c00000|  0%| F|  |TAMS 0x0000000083b00000, 0x0000000083b00000| Untracked 
|  60|0x0000000083c00000, 0x0000000083c00000, 0x0000000083d00000|  0%| F|  |TAMS 0x0000000083c00000, 0x0000000083c00000| Untracked 
|  61|0x0000000083d00000, 0x0000000083d00000, 0x0000000083e00000|  0%| F|  |TAMS 0x0000000083d00000, 0x0000000083d00000| Untracked 
|  62|0x0000000083e00000, 0x0000000083e00000, 0x0000000083f00000|  0%| F|  |TAMS 0x0000000083e00000, 0x0000000083e00000| Untracked 
|  63|0x0000000083f00000, 0x0000000083f00000, 0x0000000084000000|  0%| F|  |TAMS 0x0000000083f00000, 0x0000000083f00000| Untracked 
|  64|0x0000000084000000, 0x0000000084000000, 0x0000000084100000|  0%| F|  |TAMS 0x0000000084000000, 0x0000000084000000| Untracked 
|  65|0x0000000084100000, 0x0000000084100000, 0x0000000084200000|  0%| F|  |TAMS 0x0000000084100000, 0x0000000084100000| Untracked 
|  66|0x0000000084200000, 0x0000000084200000, 0x0000000084300000|  0%| F|  |TAMS 0x0000000084200000, 0x0000000084200000| Untracked 
|  67|0x0000000084300000, 0x0000000084300000, 0x0000000084400000|  0%| F|  |TAMS 0x0000000084300000, 0x0000000084300000| Untracked 
|  68|0x0000000084400000, 0x0000000084400000, 0x0000000084500000|  0%| F|  |TAMS 0x0000000084400000, 0x0000000084400000| Untracked 
|  69|0x0000000084500000, 0x0000000084500000, 0x0000000084600000|  0%| F|  |TAMS 0x0000000084500000, 0x0000000084500000| Untracked 
|  70|0x0000000084600000, 0x0000000084600000, 0x0000000084700000|  0%| F|  |TAMS 0x0000000084600000, 0x0000000084600000| Untracked 
|  71|0x0000000084700000, 0x0000000084700000, 0x0000000084800000|  0%| F|  |TAMS 0x0000000084700000, 0x0000000084700000| Untracked 
|  72|0x0000000084800000, 0x0000000084800000, 0x0000000084900000|  0%| F|  |TAMS 0x0000000084800000, 0x0000000084800000| Untracked 
|  73|0x0000000084900000, 0x0000000084900000, 0x0000000084a00000|  0%| F|  |TAMS 0x0000000084900000, 0x0000000084900000| Untracked 
|  74|0x0000000084a00000, 0x0000000084a00000, 0x0000000084b00000|  0%| F|  |TAMS 0x0000000084a00000, 0x0000000084a00000| Untracked 
|  75|0x0000000084b00000, 0x0000000084b00000, 0x0000000084c00000|  0%| F|  |TAMS 0x0000000084b00000, 0x0000000084b00000| Untracked 
|  76|0x0000000084c00000, 0x0000000084c00000, 0x0000000084d00000|  0%| F|  |TAMS 0x0000000084c00000, 0x0000000084c00000| Untracked 
|  77|0x0000000084d00000, 0x0000000084d00000, 0x0000000084e00000|  0%| F|  |TAMS 0x0000000084d00000, 0x0000000084d00000| Untracked 
|  78|0x0000000084e00000, 0x0000000084e00000, 0x0000000084f00000|  0%| F|  |TAMS 0x0000000084e00000, 0x0000000084e00000| Untracked 
|  79|0x0000000084f00000, 0x0000000084f00000, 0x0000000085000000|  0%| F|  |TAMS 0x0000000084f00000, 0x0000000084f00000| Untracked 
|  80|0x0000000085000000, 0x0000000085000000, 0x0000000085100000|  0%| F|  |TAMS 0x0000000085000000, 0x0000000085000000| Untracked 
|  81|0x0000000085100000, 0x0000000085100000, 0x0000000085200000|  0%| F|  |TAMS 0x0000000085100000, 0x0000000085100000| Untracked 
|  82|0x0000000085200000, 0x0000000085200000, 0x0000000085300000|  0%| F|  |TAMS 0x0000000085200000, 0x0000000085200000| Untracked 
|  83|0x0000000085300000, 0x0000000085300000, 0x0000000085400000|  0%| F|  |TAMS 0x0000000085300000, 0x0000000085300000| Untracked 
|  84|0x0000000085400000, 0x0000000085400000, 0x0000000085500000|  0%| F|  |TAMS 0x0000000085400000, 0x0000000085400000| Untracked 
|  85|0x0000000085500000, 0x0000000085500000, 0x0000000085600000|  0%| F|  |TAMS 0x0000000085500000, 0x0000000085500000| Untracked 
|  86|0x0000000085600000, 0x0000000085600000, 0x0000000085700000|  0%| F|  |TAMS 0x0000000085600000, 0x0000000085600000| Untracked 
|  87|0x0000000085700000, 0x0000000085700000, 0x0000000085800000|  0%| F|  |TAMS 0x0000000085700000, 0x0000000085700000| Untracked 
|  88|0x0000000085800000, 0x0000000085800000, 0x0000000085900000|  0%| F|  |TAMS 0x0000000085800000, 0x0000000085800000| Untracked 
|  89|0x0000000085900000, 0x0000000085900000, 0x0000000085a00000|  0%| F|  |TAMS 0x0000000085900000, 0x0000000085900000| Untracked 
|  90|0x0000000085a00000, 0x0000000085a00000, 0x0000000085b00000|  0%| F|  |TAMS 0x0000000085a00000, 0x0000000085a00000| Untracked 
|  91|0x0000000085b00000, 0x0000000085b00000, 0x0000000085c00000|  0%| F|  |TAMS 0x0000000085b00000, 0x0000000085b00000| Untracked 
|  92|0x0000000085c00000, 0x0000000085c00000, 0x0000000085d00000|  0%| F|  |TAMS 0x0000000085c00000, 0x0000000085c00000| Untracked 
|  93|0x0000000085d00000, 0x0000000085d00000, 0x0000000085e00000|  0%| F|  |TAMS 0x0000000085d00000, 0x0000000085d00000| Untracked 
|  94|0x0000000085e00000, 0x0000000085e00000, 0x0000000085f00000|  0%| F|  |TAMS 0x0000000085e00000, 0x0000000085e00000| Untracked 
|  95|0x0000000085f00000, 0x0000000085f00000, 0x0000000086000000|  0%| F|  |TAMS 0x0000000085f00000, 0x0000000085f00000| Untracked 
|  96|0x0000000086000000, 0x0000000086000000, 0x0000000086100000|  0%| F|  |TAMS 0x0000000086000000, 0x0000000086000000| Untracked 
|  97|0x0000000086100000, 0x0000000086100000, 0x0000000086200000|  0%| F|  |TAMS 0x0000000086100000, 0x0000000086100000| Untracked 
|  98|0x0000000086200000, 0x0000000086200000, 0x0000000086300000|  0%| F|  |TAMS 0x0000000086200000, 0x0000000086200000| Untracked 
|  99|0x0000000086300000, 0x0000000086300000, 0x0000000086400000|  0%| F|  |TAMS 0x0000000086300000, 0x0000000086300000| Untracked 
| 100|0x0000000086400000, 0x0000000086400000, 0x0000000086500000|  0%| F|  |TAMS 0x0000000086400000, 0x0000000086400000| Untracked 
| 101|0x0000000086500000, 0x0000000086500000, 0x0000000086600000|  0%| F|  |TAMS 0x0000000086500000, 0x0000000086500000| Untracked 
| 102|0x0000000086600000, 0x0000000086600000, 0x0000000086700000|  0%| F|  |TAMS 0x0000000086600000, 0x0000000086600000| Untracked 
| 103|0x0000000086700000, 0x0000000086700000, 0x0000000086800000|  0%| F|  |TAMS 0x0000000086700000, 0x0000000086700000| Untracked 
| 104|0x0000000086800000, 0x0000000086800000, 0x0000000086900000|  0%| F|  |TAMS 0x0000000086800000, 0x0000000086800000| Untracked 
| 105|0x0000000086900000, 0x0000000086900000, 0x0000000086a00000|  0%| F|  |TAMS 0x0000000086900000, 0x0000000086900000| Untracked 
| 106|0x0000000086a00000, 0x0000000086a00000, 0x0000000086b00000|  0%| F|  |TAMS 0x0000000086a00000, 0x0000000086a00000| Untracked 
| 107|0x0000000086b00000, 0x0000000086b00000, 0x0000000086c00000|  0%| F|  |TAMS 0x0000000086b00000, 0x0000000086b00000| Untracked 
| 108|0x0000000086c00000, 0x0000000086c00000, 0x0000000086d00000|  0%| F|  |TAMS 0x0000000086c00000, 0x0000000086c00000| Untracked 
| 109|0x0000000086d00000, 0x0000000086d00000, 0x0000000086e00000|  0%| F|  |TAMS 0x0000000086d00000, 0x0000000086d00000| Untracked 
| 110|0x0000000086e00000, 0x0000000086e00000, 0x0000000086f00000|  0%| F|  |TAMS 0x0000000086e00000, 0x0000000086e00000| Untracked 
| 111|0x0000000086f00000, 0x0000000086f00000, 0x0000000087000000|  0%| F|  |TAMS 0x0000000086f00000, 0x0000000086f00000| Untracked 
| 112|0x0000000087000000, 0x0000000087000000, 0x0000000087100000|  0%| F|  |TAMS 0x0000000087000000, 0x0000000087000000| Untracked 
| 113|0x0000000087100000, 0x0000000087100000, 0x0000000087200000|  0%| F|  |TAMS 0x0000000087100000, 0x0000000087100000| Untracked 
| 114|0x0000000087200000, 0x0000000087200000, 0x0000000087300000|  0%| F|  |TAMS 0x0000000087200000, 0x0000000087200000| Untracked 
| 115|0x0000000087300000, 0x0000000087300000, 0x0000000087400000|  0%| F|  |TAMS 0x0000000087300000, 0x0000000087300000| Untracked 
| 116|0x0000000087400000, 0x0000000087400000, 0x0000000087500000|  0%| F|  |TAMS 0x0000000087400000, 0x0000000087400000| Untracked 
| 117|0x0000000087500000, 0x0000000087500000, 0x0000000087600000|  0%| F|  |TAMS 0x0000000087500000, 0x0000000087500000| Untracked 
| 118|0x0000000087600000, 0x0000000087600000, 0x0000000087700000|  0%| F|  |TAMS 0x0000000087600000, 0x0000000087600000| Untracked 
| 119|0x0000000087700000, 0x0000000087700000, 0x0000000087800000|  0%| F|  |TAMS 0x0000000087700000, 0x0000000087700000| Untracked 
| 120|0x0000000087800000, 0x0000000087800000, 0x0000000087900000|  0%| F|  |TAMS 0x0000000087800000, 0x0000000087800000| Untracked 
| 121|0x0000000087900000, 0x0000000087900000, 0x0000000087a00000|  0%| F|  |TAMS 0x0000000087900000, 0x0000000087900000| Untracked 
| 122|0x0000000087a00000, 0x0000000087a00000, 0x0000000087b00000|  0%| F|  |TAMS 0x0000000087a00000, 0x0000000087a00000| Untracked 
| 123|0x0000000087b00000, 0x0000000087b00000, 0x0000000087c00000|  0%| F|  |TAMS 0x0000000087b00000, 0x0000000087b00000| Untracked 
| 124|0x0000000087c00000, 0x0000000087c00000, 0x0000000087d00000|  0%| F|  |TAMS 0x0000000087c00000, 0x0000000087c00000| Untracked 
| 125|0x0000000087d00000, 0x0000000087d00000, 0x0000000087e00000|  0%| F|  |TAMS 0x0000000087d00000, 0x0000000087d00000| Untracked 
| 126|0x0000000087e00000, 0x0000000087e00000, 0x0000000087f00000|  0%| F|  |TAMS 0x0000000087e00000, 0x0000000087e00000| Untracked 
| 127|0x0000000087f00000, 0x0000000087f00000, 0x0000000088000000|  0%| F|  |TAMS 0x0000000087f00000, 0x0000000087f00000| Untracked 
| 128|0x0000000088000000, 0x0000000088000000, 0x0000000088100000|  0%| F|  |TAMS 0x0000000088000000, 0x0000000088000000| Untracked 
| 129|0x0000000088100000, 0x0000000088100000, 0x0000000088200000|  0%| F|  |TAMS 0x0000000088100000, 0x0000000088100000| Untracked 
| 130|0x0000000088200000, 0x0000000088200000, 0x0000000088300000|  0%| F|  |TAMS 0x0000000088200000, 0x0000000088200000| Untracked 
| 131|0x0000000088300000, 0x0000000088300000, 0x0000000088400000|  0%| F|  |TAMS 0x0000000088300000, 0x0000000088300000| Untracked 
| 132|0x0000000088400000, 0x0000000088400000, 0x0000000088500000|  0%| F|  |TAMS 0x0000000088400000, 0x0000000088400000| Untracked 
| 133|0x0000000088500000, 0x0000000088500000, 0x0000000088600000|  0%| F|  |TAMS 0x0000000088500000, 0x0000000088500000| Untracked 
| 134|0x0000000088600000, 0x0000000088600000, 0x0000000088700000|  0%| F|  |TAMS 0x0000000088600000, 0x0000000088600000| Untracked 
| 135|0x0000000088700000, 0x0000000088700000, 0x0000000088800000|  0%| F|  |TAMS 0x0000000088700000, 0x0000000088700000| Untracked 
| 136|0x0000000088800000, 0x0000000088800000, 0x0000000088900000|  0%| F|  |TAMS 0x0000000088800000, 0x0000000088800000| Untracked 
| 137|0x0000000088900000, 0x0000000088900000, 0x0000000088a00000|  0%| F|  |TAMS 0x0000000088900000, 0x0000000088900000| Untracked 
| 138|0x0000000088a00000, 0x0000000088a00000, 0x0000000088b00000|  0%| F|  |TAMS 0x0000000088a00000, 0x0000000088a00000| Untracked 
| 139|0x0000000088b00000, 0x0000000088b00000, 0x0000000088c00000|  0%| F|  |TAMS 0x0000000088b00000, 0x0000000088b00000| Untracked 
| 140|0x0000000088c00000, 0x0000000088c00000, 0x0000000088d00000|  0%| F|  |TAMS 0x0000000088c00000, 0x0000000088c00000| Untracked 
| 141|0x0000000088d00000, 0x0000000088d00000, 0x0000000088e00000|  0%| F|  |TAMS 0x0000000088d00000, 0x0000000088d00000| Untracked 
| 142|0x0000000088e00000, 0x0000000088e00000, 0x0000000088f00000|  0%| F|  |TAMS 0x0000000088e00000, 0x0000000088e00000| Untracked 
| 143|0x0000000088f00000, 0x0000000088f00000, 0x0000000089000000|  0%| F|  |TAMS 0x0000000088f00000, 0x0000000088f00000| Untracked 
| 144|0x0000000089000000, 0x0000000089000000, 0x0000000089100000|  0%| F|  |TAMS 0x0000000089000000, 0x0000000089000000| Untracked 
| 145|0x0000000089100000, 0x0000000089100000, 0x0000000089200000|  0%| F|  |TAMS 0x0000000089100000, 0x0000000089100000| Untracked 
| 146|0x0000000089200000, 0x0000000089200000, 0x0000000089300000|  0%| F|  |TAMS 0x0000000089200000, 0x0000000089200000| Untracked 
| 147|0x0000000089300000, 0x0000000089300000, 0x0000000089400000|  0%| F|  |TAMS 0x0000000089300000, 0x0000000089300000| Untracked 
| 148|0x0000000089400000, 0x0000000089400000, 0x0000000089500000|  0%| F|  |TAMS 0x0000000089400000, 0x0000000089400000| Untracked 
| 149|0x0000000089500000, 0x0000000089500000, 0x0000000089600000|  0%| F|  |TAMS 0x0000000089500000, 0x0000000089500000| Untracked 
| 150|0x0000000089600000, 0x0000000089600000, 0x0000000089700000|  0%| F|  |TAMS 0x0000000089600000, 0x0000000089600000| Untracked 
| 151|0x0000000089700000, 0x0000000089700000, 0x0000000089800000|  0%| F|  |TAMS 0x0000000089700000, 0x0000000089700000| Untracked 
| 152|0x0000000089800000, 0x0000000089800000, 0x0000000089900000|  0%| F|  |TAMS 0x0000000089800000, 0x0000000089800000| Untracked 
| 153|0x0000000089900000, 0x0000000089900000, 0x0000000089a00000|  0%| F|  |TAMS 0x0000000089900000, 0x0000000089900000| Untracked 
| 154|0x0000000089a00000, 0x0000000089a00000, 0x0000000089b00000|  0%| F|  |TAMS 0x0000000089a00000, 0x0000000089a00000| Untracked 
| 155|0x0000000089b00000, 0x0000000089b00000, 0x0000000089c00000|  0%| F|  |TAMS 0x0000000089b00000, 0x0000000089b00000| Untracked 
| 156|0x0000000089c00000, 0x0000000089c00000, 0x0000000089d00000|  0%| F|  |TAMS 0x0000000089c00000, 0x0000000089c00000| Untracked 
| 157|0x0000000089d00000, 0x0000000089d00000, 0x0000000089e00000|  0%| F|  |TAMS 0x0000000089d00000, 0x0000000089d00000| Untracked 
| 158|0x0000000089e00000, 0x0000000089e00000, 0x0000000089f00000|  0%| F|  |TAMS 0x0000000089e00000, 0x0000000089e00000| Untracked 
| 159|0x0000000089f00000, 0x0000000089f00000, 0x000000008a000000|  0%| F|  |TAMS 0x0000000089f00000, 0x0000000089f00000| Untracked 
| 160|0x000000008a000000, 0x000000008a000000, 0x000000008a100000|  0%| F|  |TAMS 0x000000008a000000, 0x000000008a000000| Untracked 
| 161|0x000000008a100000, 0x000000008a100000, 0x000000008a200000|  0%| F|  |TAMS 0x000000008a100000, 0x000000008a100000| Untracked 
| 162|0x000000008a200000, 0x000000008a200000, 0x000000008a300000|  0%| F|  |TAMS 0x000000008a200000, 0x000000008a200000| Untracked 
| 163|0x000000008a300000, 0x000000008a300000, 0x000000008a400000|  0%| F|  |TAMS 0x000000008a300000, 0x000000008a300000| Untracked 
| 164|0x000000008a400000, 0x000000008a452178, 0x000000008a500000| 32%| E|  |TAMS 0x000000008a400000, 0x000000008a400000| Complete 
| 165|0x000000008a500000, 0x000000008a600000, 0x000000008a600000|100%| E|CS|TAMS 0x000000008a500000, 0x000000008a500000| Complete 
| 166|0x000000008a600000, 0x000000008a700000, 0x000000008a700000|100%| E|CS|TAMS 0x000000008a600000, 0x000000008a600000| Complete 
| 167|0x000000008a700000, 0x000000008a800000, 0x000000008a800000|100%| E|CS|TAMS 0x000000008a700000, 0x000000008a700000| Complete 
| 168|0x000000008a800000, 0x000000008a900000, 0x000000008a900000|100%| E|CS|TAMS 0x000000008a800000, 0x000000008a800000| Complete 
| 169|0x000000008a900000, 0x000000008aa00000, 0x000000008aa00000|100%| E|CS|TAMS 0x000000008a900000, 0x000000008a900000| Complete 
| 170|0x000000008aa00000, 0x000000008ab00000, 0x000000008ab00000|100%| E|CS|TAMS 0x000000008aa00000, 0x000000008aa00000| Complete 
| 171|0x000000008ab00000, 0x000000008ac00000, 0x000000008ac00000|100%| E|CS|TAMS 0x000000008ab00000, 0x000000008ab00000| Complete 
| 172|0x000000008ac00000, 0x000000008ad00000, 0x000000008ad00000|100%| E|CS|TAMS 0x000000008ac00000, 0x000000008ac00000| Complete 
| 173|0x000000008ad00000, 0x000000008ae00000, 0x000000008ae00000|100%| E|CS|TAMS 0x000000008ad00000, 0x000000008ad00000| Complete 
| 174|0x000000008ae00000, 0x000000008af00000, 0x000000008af00000|100%| E|CS|TAMS 0x000000008ae00000, 0x000000008ae00000| Complete 
| 175|0x000000008af00000, 0x000000008b000000, 0x000000008b000000|100%| E|CS|TAMS 0x000000008af00000, 0x000000008af00000| Complete 
| 176|0x000000008b000000, 0x000000008b100000, 0x000000008b100000|100%| E|CS|TAMS 0x000000008b000000, 0x000000008b000000| Complete 
| 177|0x000000008b100000, 0x000000008b200000, 0x000000008b200000|100%| E|CS|TAMS 0x000000008b100000, 0x000000008b100000| Complete 
| 178|0x000000008b200000, 0x000000008b300000, 0x000000008b300000|100%| E|CS|TAMS 0x000000008b200000, 0x000000008b200000| Complete 
| 179|0x000000008b300000, 0x000000008b400000, 0x000000008b400000|100%| E|CS|TAMS 0x000000008b300000, 0x000000008b300000| Complete 
| 180|0x000000008b400000, 0x000000008b500000, 0x000000008b500000|100%| E|CS|TAMS 0x000000008b400000, 0x000000008b400000| Complete 
| 181|0x000000008b500000, 0x000000008b600000, 0x000000008b600000|100%| E|CS|TAMS 0x000000008b500000, 0x000000008b500000| Complete 
| 182|0x000000008b600000, 0x000000008b700000, 0x000000008b700000|100%| E|CS|TAMS 0x000000008b600000, 0x000000008b600000| Complete 
| 183|0x000000008b700000, 0x000000008b800000, 0x000000008b800000|100%| E|CS|TAMS 0x000000008b700000, 0x000000008b700000| Complete 
| 184|0x000000008b800000, 0x000000008b900000, 0x000000008b900000|100%| E|CS|TAMS 0x000000008b800000, 0x000000008b800000| Complete 
| 185|0x000000008b900000, 0x000000008ba00000, 0x000000008ba00000|100%| E|CS|TAMS 0x000000008b900000, 0x000000008b900000| Complete 
| 186|0x000000008ba00000, 0x000000008ba7bd00, 0x000000008bb00000| 48%| S|CS|TAMS 0x000000008ba00000, 0x000000008ba00000| Complete 
| 187|0x000000008bb00000, 0x000000008bc00000, 0x000000008bc00000|100%| S|CS|TAMS 0x000000008bb00000, 0x000000008bb00000| Complete 
| 188|0x000000008bc00000, 0x000000008bd00000, 0x000000008bd00000|100%| S|CS|TAMS 0x000000008bc00000, 0x000000008bc00000| Complete 
| 189|0x000000008bd00000, 0x000000008be00000, 0x000000008be00000|100%| S|CS|TAMS 0x000000008bd00000, 0x000000008bd00000| Complete 
| 190|0x000000008be00000, 0x000000008bf00000, 0x000000008bf00000|100%| S|CS|TAMS 0x000000008be00000, 0x000000008be00000| Complete 
| 191|0x000000008bf00000, 0x000000008c000000, 0x000000008c000000|100%| S|CS|TAMS 0x000000008bf00000, 0x000000008bf00000| Complete 
| 192|0x000000008c000000, 0x000000008c100000, 0x000000008c100000|100%| E|CS|TAMS 0x000000008c000000, 0x000000008c000000| Complete 
| 193|0x000000008c100000, 0x000000008c200000, 0x000000008c200000|100%| E|CS|TAMS 0x000000008c100000, 0x000000008c100000| Complete 
| 194|0x000000008c200000, 0x000000008c300000, 0x000000008c300000|100%| E|CS|TAMS 0x000000008c200000, 0x000000008c200000| Complete 
| 195|0x000000008c300000, 0x000000008c400000, 0x000000008c400000|100%| E|CS|TAMS 0x000000008c300000, 0x000000008c300000| Complete 
| 196|0x000000008c400000, 0x000000008c500000, 0x000000008c500000|100%| E|CS|TAMS 0x000000008c400000, 0x000000008c400000| Complete 
| 197|0x000000008c500000, 0x000000008c600000, 0x000000008c600000|100%| E|CS|TAMS 0x000000008c500000, 0x000000008c500000| Complete 
| 198|0x000000008c600000, 0x000000008c700000, 0x000000008c700000|100%| E|CS|TAMS 0x000000008c600000, 0x000000008c600000| Complete 
| 199|0x000000008c700000, 0x000000008c800000, 0x000000008c800000|100%| E|CS|TAMS 0x000000008c700000, 0x000000008c700000| Complete 
| 200|0x000000008c800000, 0x000000008c900000, 0x000000008c900000|100%| E|CS|TAMS 0x000000008c800000, 0x000000008c800000| Complete 
| 201|0x000000008c900000, 0x000000008ca00000, 0x000000008ca00000|100%| E|CS|TAMS 0x000000008c900000, 0x000000008c900000| Complete 
| 202|0x000000008ca00000, 0x000000008cb00000, 0x000000008cb00000|100%| E|CS|TAMS 0x000000008ca00000, 0x000000008ca00000| Complete 
| 203|0x000000008cb00000, 0x000000008cc00000, 0x000000008cc00000|100%| E|CS|TAMS 0x000000008cb00000, 0x000000008cb00000| Complete 
| 204|0x000000008cc00000, 0x000000008cd00000, 0x000000008cd00000|100%| E|CS|TAMS 0x000000008cc00000, 0x000000008cc00000| Complete 
| 205|0x000000008cd00000, 0x000000008ce00000, 0x000000008ce00000|100%| E|CS|TAMS 0x000000008cd00000, 0x000000008cd00000| Complete 
| 206|0x000000008ce00000, 0x000000008cf00000, 0x000000008cf00000|100%| E|CS|TAMS 0x000000008ce00000, 0x000000008ce00000| Complete 
| 207|0x000000008cf00000, 0x000000008d000000, 0x000000008d000000|100%| E|CS|TAMS 0x000000008cf00000, 0x000000008cf00000| Complete 
| 208|0x000000008d000000, 0x000000008d100000, 0x000000008d100000|100%| E|CS|TAMS 0x000000008d000000, 0x000000008d000000| Complete 
| 209|0x000000008d100000, 0x000000008d200000, 0x000000008d200000|100%| E|  |TAMS 0x000000008d100000, 0x000000008d100000| Complete 
| 210|0x000000008d200000, 0x000000008d300000, 0x000000008d300000|100%| E|CS|TAMS 0x000000008d200000, 0x000000008d200000| Complete 
| 211|0x000000008d300000, 0x000000008d400000, 0x000000008d400000|100%| E|CS|TAMS 0x000000008d300000, 0x000000008d300000| Complete 
| 212|0x000000008d400000, 0x000000008d500000, 0x000000008d500000|100%| E|CS|TAMS 0x000000008d400000, 0x000000008d400000| Complete 
| 213|0x000000008d500000, 0x000000008d600000, 0x000000008d600000|100%| E|CS|TAMS 0x000000008d500000, 0x000000008d500000| Complete 
| 214|0x000000008d600000, 0x000000008d700000, 0x000000008d700000|100%| E|CS|TAMS 0x000000008d600000, 0x000000008d600000| Complete 
| 215|0x000000008d700000, 0x000000008d800000, 0x000000008d800000|100%| E|CS|TAMS 0x000000008d700000, 0x000000008d700000| Complete 
| 216|0x000000008d800000, 0x000000008d900000, 0x000000008d900000|100%| E|CS|TAMS 0x000000008d800000, 0x000000008d800000| Complete 
| 217|0x000000008d900000, 0x000000008da00000, 0x000000008da00000|100%| E|CS|TAMS 0x000000008d900000, 0x000000008d900000| Complete 
| 218|0x000000008da00000, 0x000000008db00000, 0x000000008db00000|100%| E|CS|TAMS 0x000000008da00000, 0x000000008da00000| Complete 
| 219|0x000000008db00000, 0x000000008dc00000, 0x000000008dc00000|100%| E|CS|TAMS 0x000000008db00000, 0x000000008db00000| Complete 
| 220|0x000000008dc00000, 0x000000008dd00000, 0x000000008dd00000|100%| E|CS|TAMS 0x000000008dc00000, 0x000000008dc00000| Complete 
| 221|0x000000008dd00000, 0x000000008de00000, 0x000000008de00000|100%| E|CS|TAMS 0x000000008dd00000, 0x000000008dd00000| Complete 
| 222|0x000000008de00000, 0x000000008df00000, 0x000000008df00000|100%| E|CS|TAMS 0x000000008de00000, 0x000000008de00000| Complete 
| 223|0x000000008df00000, 0x000000008e000000, 0x000000008e000000|100%| E|CS|TAMS 0x000000008df00000, 0x000000008df00000| Complete 
| 224|0x000000008e000000, 0x000000008e100000, 0x000000008e100000|100%| E|CS|TAMS 0x000000008e000000, 0x000000008e000000| Complete 
| 225|0x000000008e100000, 0x000000008e200000, 0x000000008e200000|100%| E|CS|TAMS 0x000000008e100000, 0x000000008e100000| Complete 
| 226|0x000000008e200000, 0x000000008e300000, 0x000000008e300000|100%| E|CS|TAMS 0x000000008e200000, 0x000000008e200000| Complete 
| 227|0x000000008e300000, 0x000000008e400000, 0x000000008e400000|100%| E|CS|TAMS 0x000000008e300000, 0x000000008e300000| Complete 
| 228|0x000000008e400000, 0x000000008e500000, 0x000000008e500000|100%| E|CS|TAMS 0x000000008e400000, 0x000000008e400000| Complete 
| 229|0x000000008e500000, 0x000000008e600000, 0x000000008e600000|100%| E|CS|TAMS 0x000000008e500000, 0x000000008e500000| Complete 
| 230|0x000000008e600000, 0x000000008e700000, 0x000000008e700000|100%| E|CS|TAMS 0x000000008e600000, 0x000000008e600000| Complete 
| 231|0x000000008e700000, 0x000000008e800000, 0x000000008e800000|100%| E|CS|TAMS 0x000000008e700000, 0x000000008e700000| Complete 
| 232|0x000000008e800000, 0x000000008e900000, 0x000000008e900000|100%| E|CS|TAMS 0x000000008e800000, 0x000000008e800000| Complete 
| 233|0x000000008e900000, 0x000000008ea00000, 0x000000008ea00000|100%| E|CS|TAMS 0x000000008e900000, 0x000000008e900000| Complete 
| 234|0x000000008ea00000, 0x000000008eb00000, 0x000000008eb00000|100%| E|CS|TAMS 0x000000008ea00000, 0x000000008ea00000| Complete 
| 235|0x000000008eb00000, 0x000000008ec00000, 0x000000008ec00000|100%| E|CS|TAMS 0x000000008eb00000, 0x000000008eb00000| Complete 
| 236|0x000000008ec00000, 0x000000008ed00000, 0x000000008ed00000|100%| E|CS|TAMS 0x000000008ec00000, 0x000000008ec00000| Complete 
| 237|0x000000008ed00000, 0x000000008ee00000, 0x000000008ee00000|100%| E|CS|TAMS 0x000000008ed00000, 0x000000008ed00000| Complete 
| 238|0x000000008ee00000, 0x000000008ef00000, 0x000000008ef00000|100%| E|CS|TAMS 0x000000008ee00000, 0x000000008ee00000| Complete 
| 239|0x000000008ef00000, 0x000000008f000000, 0x000000008f000000|100%| E|CS|TAMS 0x000000008ef00000, 0x000000008ef00000| Complete 
| 240|0x000000008f000000, 0x000000008f100000, 0x000000008f100000|100%| E|CS|TAMS 0x000000008f000000, 0x000000008f000000| Complete 
| 241|0x000000008f100000, 0x000000008f200000, 0x000000008f200000|100%| E|CS|TAMS 0x000000008f100000, 0x000000008f100000| Complete 
| 242|0x000000008f200000, 0x000000008f300000, 0x000000008f300000|100%| E|CS|TAMS 0x000000008f200000, 0x000000008f200000| Complete 
| 243|0x000000008f300000, 0x000000008f400000, 0x000000008f400000|100%| E|CS|TAMS 0x000000008f300000, 0x000000008f300000| Complete 
| 244|0x000000008f400000, 0x000000008f500000, 0x000000008f500000|100%| E|CS|TAMS 0x000000008f400000, 0x000000008f400000| Complete 
| 245|0x000000008f500000, 0x000000008f600000, 0x000000008f600000|100%| E|CS|TAMS 0x000000008f500000, 0x000000008f500000| Complete 
| 246|0x000000008f600000, 0x000000008f700000, 0x000000008f700000|100%| E|CS|TAMS 0x000000008f600000, 0x000000008f600000| Complete 
| 247|0x000000008f700000, 0x000000008f800000, 0x000000008f800000|100%| E|CS|TAMS 0x000000008f700000, 0x000000008f700000| Complete 
| 248|0x000000008f800000, 0x000000008f900000, 0x000000008f900000|100%| E|CS|TAMS 0x000000008f800000, 0x000000008f800000| Complete 
| 249|0x000000008f900000, 0x000000008fa00000, 0x000000008fa00000|100%| E|CS|TAMS 0x000000008f900000, 0x000000008f900000| Complete 
| 250|0x000000008fa00000, 0x000000008fb00000, 0x000000008fb00000|100%| E|CS|TAMS 0x000000008fa00000, 0x000000008fa00000| Complete 
| 251|0x000000008fb00000, 0x000000008fc00000, 0x000000008fc00000|100%| E|CS|TAMS 0x000000008fb00000, 0x000000008fb00000| Complete 
| 252|0x000000008fc00000, 0x000000008fd00000, 0x000000008fd00000|100%| E|CS|TAMS 0x000000008fc00000, 0x000000008fc00000| Complete 
| 253|0x000000008fd00000, 0x000000008fe00000, 0x000000008fe00000|100%| E|CS|TAMS 0x000000008fd00000, 0x000000008fd00000| Complete 
| 254|0x000000008fe00000, 0x000000008ff00000, 0x000000008ff00000|100%| E|CS|TAMS 0x000000008fe00000, 0x000000008fe00000| Complete 
| 255|0x000000008ff00000, 0x0000000090000000, 0x0000000090000000|100%| E|CS|TAMS 0x000000008ff00000, 0x000000008ff00000| Complete 

Card table byte_map: [0x000001f39a490000,0x000001f39a890000] _byte_map_base: 0x000001f39a090000

Marking Bits (Prev, Next): (CMBitMap*) 0x000001f3820d4698, (CMBitMap*) 0x000001f3820d46d0
 Prev Bits: [0x000001f39ac90000, 0x000001f39cc90000)
 Next Bits: [0x000001f39cc90000, 0x000001f39ec90000)

Polling page: 0x000001f3800a0000

Metaspace:

Usage:
  Non-class:     36.32 MB capacity,    35.67 MB ( 98%) used,   564.38 KB (  2%) free+waste,   108.19 KB ( <1%) overhead. 
      Class:      5.49 MB capacity,     5.09 MB ( 93%) used,   358.60 KB (  6%) free+waste,    52.25 KB ( <1%) overhead. 
       Both:     41.82 MB capacity,    40.76 MB ( 97%) used,   922.98 KB (  2%) free+waste,   160.44 KB ( <1%) overhead. 

Virtual space:
  Non-class space:       38.00 MB reserved,      36.33 MB ( 96%) committed 
      Class space:      504.00 MB reserved,       5.50 MB (  1%) committed 
             Both:      542.00 MB reserved,      41.83 MB (  8%) committed 

Chunk freelists:
   Non-Class:  6.00 KB
       Class:  7.00 KB
        Both:  13.00 KB

MaxMetaspaceSize: 512.00 MB
CompressedClassSpaceSize: 504.00 MB
Initial GC threshold: 20.80 MB
Current GC threshold: 59.30 MB
CDS: off

CodeHeap 'non-profiled nmethods': size=119168Kb used=2390Kb max_used=2390Kb free=116777Kb
 bounds [0x000001f3923b0000, 0x000001f392620000, 0x000001f399810000]
CodeHeap 'profiled nmethods': size=119168Kb used=9517Kb max_used=9517Kb free=109650Kb
 bounds [0x000001f38af50000, 0x000001f38b8a0000, 0x000001f3923b0000]
CodeHeap 'non-nmethods': size=7424Kb used=2273Kb max_used=3438Kb free=5150Kb
 bounds [0x000001f38a810000, 0x000001f38ab70000, 0x000001f38af50000]
 total_blobs=5224 nmethods=4455 adapters=681
 compilation: enabled
              stopped_count=0, restarted_count=0
 full_count=0

Compilation events (20 events):
Event: 497.516 Thread 0x000001f3a25d4800 nmethod 4462 0x000001f38b898010 code [0x000001f38b898240, 0x000001f38b898818]
Event: 497.518 Thread 0x000001f3a25d1800 4463       4       java.util.stream.SpinedBuffer::accept (94 bytes)
Event: 497.519 Thread 0x000001f3a25d4800 4464       3       org.codehaus.groovy.util.ReferenceType$2::createReference (11 bytes)
Event: 497.520 Thread 0x000001f3a25d4800 nmethod 4464 0x000001f38b898b10 code [0x000001f38b898d00, 0x000001f38b899158]
Event: 497.520 Thread 0x000001f3a25d4800 4465       3       org.codehaus.groovy.util.ReferenceType$WeakRef::<init> (12 bytes)
Event: 497.520 Thread 0x000001f3a25d4800 nmethod 4465 0x000001f38b899310 code [0x000001f38b8994e0, 0x000001f38b899878]
Event: 497.522 Thread 0x000001f3a25d1800 nmethod 4463 0x000001f392604090 code [0x000001f392604260, 0x000001f392604638]
Event: 497.522 Thread 0x000001f3a25d1800 4466       4       groovy.lang.MetaMethod::isPrivate (15 bytes)
Event: 497.522 Thread 0x000001f3a25d1800 nmethod 4466 0x000001f392604890 code [0x000001f392604a20, 0x000001f392604ab8]
Event: 497.523 Thread 0x000001f3a25d4800 4467       3       java.util.TimSort::binarySort (223 bytes)
Event: 497.523 Thread 0x000001f3a25d4800 nmethod 4467 0x000001f38b899990 code [0x000001f38b899bc0, 0x000001f38b89a678]
Event: 497.525 Thread 0x000001f3a25d4800 4468       3       java.util.Spliterators$ArraySpliterator::<init> (33 bytes)
Event: 497.525 Thread 0x000001f3a25d4800 nmethod 4468 0x000001f38b89a990 code [0x000001f38b89ab40, 0x000001f38b89ad18]
Event: 503.787 Thread 0x000001f3a25d1800 4469       4       java.util.ArrayList::<init> (63 bytes)
Event: 503.790 Thread 0x000001f3a25d1800 nmethod 4469 0x000001f392604b90 code [0x000001f392604d40, 0x000001f392605378]
Event: 513.849 Thread 0x000001f3a25d1800 4470       4       org.gradle.internal.remote.internal.inet.MultiChoiceAddress::hashCode (8 bytes)
Event: 513.849 Thread 0x000001f3a25d1800 nmethod 4470 0x000001f392605590 code [0x000001f392605720, 0x000001f392605798]
Event: 523.798 Thread 0x000001f3a25d4800 4471       3       java.util.HashMap::clear (50 bytes)
Event: 523.798 Thread 0x000001f3a25d4800 nmethod 4471 0x000001f38b89ae10 code [0x000001f38b89afe0, 0x000001f38b89b398]
Event: 523.798 Thread 0x000001f3a25d1800 4472       4       org.gradle.internal.remote.internal.inet.MultiChoiceAddressSerializer::read (95 bytes)

GC Heap History (12 events):
Event: 40.025 GC heap before
{Heap before GC invocations=0 (full 0):
 garbage-first heap   total 262144K, used 27648K [0x0000000080000000, 0x0000000100000000)
  region size 1024K, 24 young (24576K), 0 survivors (0K)
 Metaspace       used 10121K, capacity 10334K, committed 10624K, reserved 526336K
  class space    used 1020K, capacity 1107K, committed 1152K, reserved 516096K
}
Event: 40.084 GC heap after
{Heap after GC invocations=1 (full 0):
 garbage-first heap   total 262144K, used 10570K [0x0000000080000000, 0x0000000100000000)
  region size 1024K, 3 young (3072K), 3 survivors (3072K)
 Metaspace       used 10121K, capacity 10334K, committed 10624K, reserved 526336K
  class space    used 1020K, capacity 1107K, committed 1152K, reserved 516096K
}
Event: 142.840 GC heap before
{Heap before GC invocations=1 (full 0):
 garbage-first heap   total 262144K, used 103754K [0x0000000080000000, 0x0000000100000000)
  region size 1024K, 95 young (97280K), 3 survivors (3072K)
 Metaspace       used 20813K, capacity 21160K, committed 21296K, reserved 536576K
  class space    used 2472K, capacity 2615K, committed 2688K, reserved 516096K
}
Event: 143.397 GC heap after
{Heap after GC invocations=2 (full 0):
 garbage-first heap   total 262144K, used 18109K [0x0000000080000000, 0x0000000100000000)
  region size 1024K, 11 young (11264K), 11 survivors (11264K)
 Metaspace       used 20813K, capacity 21160K, committed 21296K, reserved 536576K
  class space    used 2472K, capacity 2615K, committed 2688K, reserved 516096K
}
Event: 144.915 GC heap before
{Heap before GC invocations=3 (full 0):
 garbage-first heap   total 262144K, used 19133K [0x0000000080000000, 0x0000000100000000)
  region size 1024K, 12 young (12288K), 11 survivors (11264K)
 Metaspace       used 20911K, capacity 21332K, committed 21552K, reserved 536576K
  class space    used 2490K, capacity 2652K, committed 2688K, reserved 516096K
}
Event: 144.921 GC heap after
{Heap after GC invocations=4 (full 0):
 garbage-first heap   total 262144K, used 18613K [0x0000000080000000, 0x0000000100000000)
  region size 1024K, 1 young (1024K), 1 survivors (1024K)
 Metaspace       used 20911K, capacity 21332K, committed 21552K, reserved 536576K
  class space    used 2490K, capacity 2652K, committed 2688K, reserved 516096K
}
Event: 175.815 GC heap before
{Heap before GC invocations=4 (full 0):
 garbage-first heap   total 262144K, used 29877K [0x0000000080000000, 0x0000000100000000)
  region size 1024K, 12 young (12288K), 1 survivors (1024K)
 Metaspace       used 22086K, capacity 22579K, committed 22832K, reserved 536576K
  class space    used 2657K, capacity 2854K, committed 2944K, reserved 516096K
}
Event: 175.820 GC heap after
{Heap after GC invocations=5 (full 0):
 garbage-first heap   total 262144K, used 18356K [0x0000000080000000, 0x0000000100000000)
  region size 1024K, 1 young (1024K), 1 survivors (1024K)
 Metaspace       used 22086K, capacity 22579K, committed 22832K, reserved 536576K
  class space    used 2657K, capacity 2854K, committed 2944K, reserved 516096K
}
Event: 201.801 GC heap before
{Heap before GC invocations=5 (full 0):
 garbage-first heap   total 262144K, used 72628K [0x0000000080000000, 0x0000000100000000)
  region size 1024K, 54 young (55296K), 1 survivors (1024K)
 Metaspace       used 27434K, capacity 28092K, committed 28336K, reserved 540672K
  class space    used 3494K, capacity 3742K, committed 3840K, reserved 516096K
}
Event: 201.804 GC heap after
{Heap after GC invocations=6 (full 0):
 garbage-first heap   total 262144K, used 20864K [0x0000000080000000, 0x0000000100000000)
  region size 1024K, 3 young (3072K), 3 survivors (3072K)
 Metaspace       used 27434K, capacity 28092K, committed 28336K, reserved 540672K
  class space    used 3494K, capacity 3742K, committed 3840K, reserved 516096K
}
Event: 220.528 GC heap before
{Heap before GC invocations=6 (full 0):
 garbage-first heap   total 262144K, used 82304K [0x0000000080000000, 0x0000000100000000)
  region size 1024K, 64 young (65536K), 3 survivors (3072K)
 Metaspace       used 35009K, capacity 35801K, committed 35920K, reserved 548864K
  class space    used 4440K, capacity 4781K, committed 4864K, reserved 516096K
}
Event: 220.573 GC heap after
{Heap after GC invocations=7 (full 0):
 garbage-first heap   total 262144K, used 23554K [0x0000000080000000, 0x0000000100000000)
  region size 1024K, 6 young (6144K), 6 survivors (6144K)
 Metaspace       used 35009K, capacity 35801K, committed 35920K, reserved 548864K
  class space    used 4440K, capacity 4781K, committed 4864K, reserved 516096K
}

Deoptimization events (20 events):
Event: 254.208 Thread 0x000001f3a3e1a000 DEOPT PACKING pc=0x000001f392537a20 sp=0x000000a8fd5f59d0
Event: 254.208 Thread 0x000001f3a3e1a000 DEOPT UNPACKING pc=0x000001f38a85a1af sp=0x000000a8fd5f5940 mode 2
Event: 254.222 Thread 0x000001f3a3e1a000 Uncommon trap: trap_request=0xffffff4d fr.pc=0x000001f392492c20 relative=0x00000000000013e0
Event: 254.222 Thread 0x000001f3a3e1a000 Uncommon trap: reason=unstable_if action=reinterpret pc=0x000001f392492c20 method=java.util.concurrent.ConcurrentHashMap.putVal(Ljava/lang/Object;Ljava/lang/Object;Z)Ljava/lang/Object; @ 231 c2
Event: 254.222 Thread 0x000001f3a3e1a000 DEOPT PACKING pc=0x000001f392492c20 sp=0x000000a8fd5f6950
Event: 254.222 Thread 0x000001f3a3e1a000 DEOPT UNPACKING pc=0x000001f38a85a1af sp=0x000000a8fd5f68d0 mode 2
Event: 254.379 Thread 0x000001f3a3e1a000 DEOPT PACKING pc=0x000001f38b6a74f9 sp=0x000000a8fd5f3bc0
Event: 254.379 Thread 0x000001f3a3e1a000 DEOPT UNPACKING pc=0x000001f38a85a95e sp=0x000000a8fd5f3108 mode 0
Event: 497.514 Thread 0x000001f3a3e1a000 Uncommon trap: trap_request=0xffffff4d fr.pc=0x000001f3925ba7fc relative=0x00000000000008fc
Event: 497.516 Thread 0x000001f3a3e1a000 Uncommon trap: reason=unstable_if action=reinterpret pc=0x000001f3925ba7fc method=java.io.BufferedInputStream.read([BII)I @ 56 c2
Event: 497.516 Thread 0x000001f3a3e1a000 DEOPT PACKING pc=0x000001f3925ba7fc sp=0x000000a8fd5f7ad0
Event: 497.516 Thread 0x000001f3a3e1a000 DEOPT UNPACKING pc=0x000001f38a85a1af sp=0x000000a8fd5f7aa8 mode 2
Event: 497.523 Thread 0x000001f3a3e1a000 Uncommon trap: trap_request=0xffffffde fr.pc=0x000001f39257f960 relative=0x0000000000000440
Event: 497.523 Thread 0x000001f3a3e1a000 Uncommon trap: reason=class_check action=maybe_recompile pc=0x000001f39257f960 method=java.util.regex.Pattern$Start.match(Ljava/util/regex/Matcher;ILjava/lang/CharSequence;)Z @ 44 c2
Event: 497.523 Thread 0x000001f3a3e1a000 DEOPT PACKING pc=0x000001f39257f960 sp=0x000000a8fd5f5980
Event: 497.523 Thread 0x000001f3a3e1a000 DEOPT UNPACKING pc=0x000001f38a85a1af sp=0x000000a8fd5f5848 mode 2
Event: 497.524 Thread 0x000001f3a3e1a000 Uncommon trap: trap_request=0xffffffde fr.pc=0x000001f3925762a8 relative=0x0000000000000428
Event: 497.524 Thread 0x000001f3a3e1a000 Uncommon trap: reason=class_check action=maybe_recompile pc=0x000001f3925762a8 method=java.util.regex.Pattern$Start.match(Ljava/util/regex/Matcher;ILjava/lang/CharSequence;)Z @ 44 c2
Event: 497.524 Thread 0x000001f3a3e1a000 DEOPT PACKING pc=0x000001f3925762a8 sp=0x000000a8fd5f5910
Event: 497.524 Thread 0x000001f3a3e1a000 DEOPT UNPACKING pc=0x000001f38a85a1af sp=0x000000a8fd5f5850 mode 2

Classes redefined (0 events):
No events

Internal exceptions (20 events):
Event: 254.378 Thread 0x000001f3a3e1a000 Exception <a 'java/lang/NoSuchMethodError'{0x000000008b5bae40}: 'java.lang.Object java.lang.invoke.DirectMethodHandle$Holder.invokeStatic(java.lang.Object, long)'> (0x000000008b5bae40) thrown at [./src/hotspot/share/interpreter/linkResolver.cpp, line 773]
Event: 254.378 Thread 0x000001f3a3e1a000 Exception <a 'java/lang/NoSuchMethodError'{0x000000008b5bf158}: 'java.lang.Object java.lang.invoke.DirectMethodHandle$Holder.invokeSpecial(java.lang.Object, java.lang.Object, long)'> (0x000000008b5bf158) thrown at [./src/hotspot/share/interpreter/linkResolver.cpp, line 773]
Event: 254.379 Thread 0x000001f3a3e1a000 Exception <a 'java/lang/NoSuchMethodError'{0x000000008b5c7d70}: 'java.lang.Object java.lang.invoke.DirectMethodHandle$Holder.invokeStatic(java.lang.Object, java.lang.Object, long, java.lang.Object)'> (0x000000008b5c7d70) thrown at [./src/hotspot/share/interpreter/linkResolver.cpp, line 773]
Event: 254.379 Thread 0x000001f3a3e1a000 Exception <a 'java/lang/NoSuchMethodError'{0x000000008b5cbe48}: 'java.lang.Object java.lang.invoke.DirectMethodHandle$Holder.invokeStaticInit(java.lang.Object, java.lang.Object, long, java.lang.Object)'> (0x000000008b5cbe48) thrown at [./src/hotspot/share/interpreter/linkResolver.cpp, line 773]
Event: 254.381 Thread 0x000001f3a3e1a000 Exception <a 'java/lang/ClassNotFoundException'{0x000000008b5f0b20}: java/lang/ProcessImplBeanInfo> (0x000000008b5f0b20) thrown at [./src/hotspot/share/classfile/systemDictionary.cpp, line 230]
Event: 254.381 Thread 0x000001f3a3e1a000 Exception <a 'java/lang/ClassNotFoundException'{0x000000008b5f6510}: java/lang/ProcessBeanInfo> (0x000000008b5f6510) thrown at [./src/hotspot/share/classfile/systemDictionary.cpp, line 230]
Event: 254.381 Thread 0x000001f3a3e1a000 Exception <a 'java/lang/ClassNotFoundException'{0x000000008b5fbec8}: java/lang/ProcessCustomizer> (0x000000008b5fbec8) thrown at [./src/hotspot/share/classfile/systemDictionary.cpp, line 230]
Event: 254.382 Thread 0x000001f3a3e1a000 Exception <a 'java/lang/ClassNotFoundException'{0x000000008b40c9b8}: java/lang/ProcessImplCustomizer> (0x000000008b40c9b8) thrown at [./src/hotspot/share/classfile/systemDictionary.cpp, line 230]
Event: 254.387 Thread 0x000001f3a3e1a000 Exception <a 'java/lang/ClassNotFoundException'{0x000000008b45dda8}: java/io/InputStreamReaderBeanInfo> (0x000000008b45dda8) thrown at [./src/hotspot/share/classfile/systemDictionary.cpp, line 230]
Event: 254.387 Thread 0x000001f3a3e1a000 Exception <a 'java/lang/ClassNotFoundException'{0x000000008b463710}: java/io/ReaderBeanInfo> (0x000000008b463710) thrown at [./src/hotspot/share/classfile/systemDictionary.cpp, line 230]
Event: 254.387 Thread 0x000001f3a3e1a000 Exception <a 'java/lang/ClassNotFoundException'{0x000000008b469090}: java/io/ReaderCustomizer> (0x000000008b469090) thrown at [./src/hotspot/share/classfile/systemDictionary.cpp, line 230]
Event: 254.387 Thread 0x000001f3a3e1a000 Exception <a 'java/lang/ClassNotFoundException'{0x000000008b473e48}: java/io/InputStreamReaderCustomizer> (0x000000008b473e48) thrown at [./src/hotspot/share/classfile/systemDictionary.cpp, line 230]
Event: 254.388 Thread 0x000001f3a3e1a000 Exception <a 'java/lang/ClassNotFoundException'{0x000000008b499390}: java/io/BufferedReaderBeanInfo> (0x000000008b499390) thrown at [./src/hotspot/share/classfile/systemDictionary.cpp, line 230]
Event: 254.388 Thread 0x000001f3a3e1a000 Exception <a 'java/lang/ClassNotFoundException'{0x000000008b49ed50}: java/io/BufferedReaderCustomizer> (0x000000008b49ed50) thrown at [./src/hotspot/share/classfile/systemDictionary.cpp, line 230]
Event: 254.391 Thread 0x000001f3a3e1a000 Exception <a 'java/lang/ClassNotFoundException'{0x000000008b3d5778}: java/lang/StringBufferBeanInfo> (0x000000008b3d5778) thrown at [./src/hotspot/share/classfile/systemDictionary.cpp, line 230]
Event: 254.391 Thread 0x000001f3a3e1a000 Exception <a 'java/lang/ClassNotFoundException'{0x000000008b3db1b0}: java/lang/AbstractStringBuilderBeanInfo> (0x000000008b3db1b0) thrown at [./src/hotspot/share/classfile/systemDictionary.cpp, line 230]
Event: 254.391 Thread 0x000001f3a3e1a000 Exception <a 'java/lang/ClassNotFoundException'{0x000000008b3e0d20}: java/lang/AbstractStringBuilderCustomizer> (0x000000008b3e0d20) thrown at [./src/hotspot/share/classfile/systemDictionary.cpp, line 230]
Event: 254.394 Thread 0x000001f3a3e1a000 Exception <a 'java/lang/ClassNotFoundException'{0x000000008b2c4728}: java/lang/StringBufferCustomizer> (0x000000008b2c4728) thrown at [./src/hotspot/share/classfile/systemDictionary.cpp, line 230]
Event: 497.522 Thread 0x000001f3a3e1a000 Exception <a 'java/lang/ClassNotFoundException'{0x000000008a66c410}: java/lang/StringBeanInfo> (0x000000008a66c410) thrown at [./src/hotspot/share/classfile/systemDictionary.cpp, line 230]
Event: 497.523 Thread 0x000001f3a3e1a000 Exception <a 'java/lang/ClassNotFoundException'{0x000000008a671dc8}: java/lang/StringCustomizer> (0x000000008a671dc8) thrown at [./src/hotspot/share/classfile/systemDictionary.cpp, line 230]

Events (20 events):
Event: 490.587 loading class groovy/lang/GroovyRuntimeException
Event: 490.587 loading class groovy/lang/GroovyRuntimeException done
Event: 497.514 Executing VM operation: RevokeBias
Event: 497.516 Executing VM operation: RevokeBias done
Event: 497.517 loading class groovy/lang/GroovyRuntimeException
Event: 497.517 loading class groovy/lang/GroovyRuntimeException done
Event: 497.517 loading class org/codehaus/groovy/runtime/typehandling/DefaultTypeTransformation
Event: 497.517 loading class org/codehaus/groovy/runtime/typehandling/DefaultTypeTransformation done
Event: 497.517 loading class groovy/runtime/metaclass/java/lang/StringMetaClass
Event: 497.517 loading class groovy/runtime/metaclass/java/lang/StringMetaClass done
Event: 497.522 loading class java/lang/StringBeanInfo
Event: 497.522 loading class java/lang/StringBeanInfo done
Event: 497.522 loading class java/lang/StringBeanInfo
Event: 497.522 loading class java/lang/StringBeanInfo done
Event: 497.523 loading class java/lang/StringCustomizer
Event: 497.523 loading class java/lang/StringCustomizer done
Event: 497.523 loading class java/lang/StringCustomizer
Event: 497.523 loading class java/lang/StringCustomizer done
Event: 497.525 loading class org/codehaus/groovy/runtime/dgm$1154
Event: 497.525 loading class org/codehaus/groovy/runtime/dgm$1154 done


Dynamic libraries:
0x00007ff7e1c80000 - 0x00007ff7e1c8d000 	C:\Program Files\Microsoft\jdk-11.0.18.10-hotspot\bin\java.exe
0x00007ffd4a1d0000 - 0x00007ffd4a3c8000 	C:\Windows\SYSTEM32\ntdll.dll
0x00007ffd48f70000 - 0x00007ffd4902f000 	C:\Windows\System32\KERNEL32.DLL
0x00007ffd47a10000 - 0x00007ffd47d06000 	C:\Windows\System32\KERNELBASE.dll
0x00007ffd48130000 - 0x00007ffd48230000 	C:\Windows\System32\ucrtbase.dll
0x00007ffd2bc70000 - 0x00007ffd2bc85000 	C:\Program Files\Microsoft\jdk-11.0.18.10-hotspot\bin\VCRUNTIME140.dll
0x00007ffd2bc50000 - 0x00007ffd2bc67000 	C:\Program Files\Microsoft\jdk-11.0.18.10-hotspot\bin\jli.dll
0x00007ffd48680000 - 0x00007ffd4881d000 	C:\Windows\System32\USER32.dll
0x00007ffd47d10000 - 0x00007ffd47d32000 	C:\Windows\System32\win32u.dll
0x00007ffd482e0000 - 0x00007ffd4830c000 	C:\Windows\System32\GDI32.dll
0x00007ffd47e90000 - 0x00007ffd47fa5000 	C:\Windows\System32\gdi32full.dll
0x00007ffd3c1c0000 - 0x00007ffd3c45a000 	C:\Windows\WinSxS\amd64_microsoft.windows.common-controls_6595b64144ccf1df_6.0.19041.1110_none_60b5254171f9507e\COMCTL32.dll
0x00007ffd49860000 - 0x00007ffd498fe000 	C:\Windows\System32\msvcrt.dll
0x00007ffd47df0000 - 0x00007ffd47e8d000 	C:\Windows\System32\msvcp_win.dll
0x00007ffd48520000 - 0x00007ffd48550000 	C:\Windows\System32\IMM32.DLL
0x00007ffd2bbb0000 - 0x00007ffd2bc4b000 	C:\Program Files\Microsoft\jdk-11.0.18.10-hotspot\bin\msvcp140.dll
0x00007ffcf6ff0000 - 0x00007ffcf7b82000 	C:\Program Files\Microsoft\jdk-11.0.18.10-hotspot\bin\server\jvm.dll
0x00007ffd49b60000 - 0x00007ffd49c0f000 	C:\Windows\System32\ADVAPI32.dll
0x00007ffd48310000 - 0x00007ffd483ac000 	C:\Windows\System32\sechost.dll
0x00007ffd49ff0000 - 0x00007ffd4a116000 	C:\Windows\System32\RPCRT4.dll
0x00007ffd484b0000 - 0x00007ffd484b8000 	C:\Windows\System32\PSAPI.DLL
0x00007ffd3c090000 - 0x00007ffd3c0b7000 	C:\Windows\SYSTEM32\WINMM.dll
0x00007ffd3f980000 - 0x00007ffd3f98a000 	C:\Windows\SYSTEM32\VERSION.dll
0x00007ffd300a0000 - 0x00007ffd300a9000 	C:\Windows\SYSTEM32\WSOCK32.dll
0x00007ffd490a0000 - 0x00007ffd4910b000 	C:\Windows\System32\ws2_32.DLL
0x00007ffd45730000 - 0x00007ffd45742000 	C:\Windows\SYSTEM32\kernel.appcore.dll
0x00007ffd2bba0000 - 0x00007ffd2bbb0000 	C:\Program Files\Microsoft\jdk-11.0.18.10-hotspot\bin\verify.dll
0x00007ffd30fb0000 - 0x00007ffd31194000 	C:\Windows\SYSTEM32\DBGHELP.DLL
0x00007ffd30f70000 - 0x00007ffd30fa4000 	C:\Windows\SYSTEM32\dbgcore.DLL
0x00007ffd47fb0000 - 0x00007ffd48032000 	C:\Windows\System32\bcryptPrimitives.dll
0x00007ffd20830000 - 0x00007ffd20858000 	C:\Program Files\Microsoft\jdk-11.0.18.10-hotspot\bin\java.dll
0x00007ffd24ad0000 - 0x00007ffd24ada000 	C:\Program Files\Microsoft\jdk-11.0.18.10-hotspot\bin\jimage.dll
0x00007ffd1d220000 - 0x00007ffd1d238000 	C:\Program Files\Microsoft\jdk-11.0.18.10-hotspot\bin\zip.dll
0x00007ffd49110000 - 0x00007ffd49854000 	C:\Windows\System32\SHELL32.dll
0x00007ffd45930000 - 0x00007ffd460c3000 	C:\Windows\SYSTEM32\windows.storage.dll
0x00007ffd49c90000 - 0x00007ffd49fe4000 	C:\Windows\System32\combase.dll
0x00007ffd47140000 - 0x00007ffd4716e000 	C:\Windows\SYSTEM32\Wldp.dll
0x00007ffd48230000 - 0x00007ffd482dd000 	C:\Windows\System32\SHCORE.dll
0x00007ffd49030000 - 0x00007ffd49085000 	C:\Windows\System32\shlwapi.dll
0x00007ffd477e0000 - 0x00007ffd47805000 	C:\Windows\SYSTEM32\profapi.dll
0x00007ffd1d200000 - 0x00007ffd1d219000 	C:\Program Files\Microsoft\jdk-11.0.18.10-hotspot\bin\net.dll
0x00007ffd40240000 - 0x00007ffd4034a000 	C:\Windows\SYSTEM32\WINHTTP.dll
0x00007ffd46f20000 - 0x00007ffd46f8a000 	C:\Windows\system32\mswsock.dll
0x00007ffd1d1e0000 - 0x00007ffd1d1f3000 	C:\Program Files\Microsoft\jdk-11.0.18.10-hotspot\bin\nio.dll
0x00007ffd1b430000 - 0x00007ffd1b457000 	C:\Users\adminS\.gradle\native\68d5fa5c4cc2d200863cafc0d521ce42e7d3e7ee720ec0a83991735586a16f82\windows-amd64\native-platform.dll
0x00007ffcf6ea0000 - 0x00007ffcf6fe4000 	C:\Users\adminS\.gradle\native\e376f236ea51e6404a007f0833ffe2c6e607c4080706a723a18a27aeea778392\windows-amd64\native-platform-file-events.dll
0x00007ffd234d0000 - 0x00007ffd234d9000 	C:\Program Files\Microsoft\jdk-11.0.18.10-hotspot\bin\management.dll
0x00007ffd22540000 - 0x00007ffd2254b000 	C:\Program Files\Microsoft\jdk-11.0.18.10-hotspot\bin\management_ext.dll
0x00007ffd47180000 - 0x00007ffd47198000 	C:\Windows\SYSTEM32\CRYPTSP.dll
0x00007ffd46850000 - 0x00007ffd46884000 	C:\Windows\system32\rsaenh.dll
0x00007ffd48090000 - 0x00007ffd480b7000 	C:\Windows\System32\bcrypt.dll
0x00007ffd47760000 - 0x00007ffd4778e000 	C:\Windows\SYSTEM32\USERENV.dll
0x00007ffd470b0000 - 0x00007ffd470bc000 	C:\Windows\SYSTEM32\CRYPTBASE.dll
0x00007ffd46c30000 - 0x00007ffd46c6b000 	C:\Windows\SYSTEM32\IPHLPAPI.DLL
0x00007ffd4a180000 - 0x00007ffd4a188000 	C:\Windows\System32\NSI.dll
0x00007ffd3ff70000 - 0x00007ffd3ff87000 	C:\Windows\SYSTEM32\dhcpcsvc6.DLL
0x00007ffd3fec0000 - 0x00007ffd3fedd000 	C:\Windows\SYSTEM32\dhcpcsvc.DLL
0x00007ffd46c70000 - 0x00007ffd46d3a000 	C:\Windows\SYSTEM32\DNSAPI.dll

dbghelp: loaded successfully - version: 4.0.5 - missing functions: none
symbol engine: initialized successfully - sym options: 0x614 - pdb path: .;C:\Program Files\Microsoft\jdk-11.0.18.10-hotspot\bin;C:\Windows\SYSTEM32;C:\Windows\WinSxS\amd64_microsoft.windows.common-controls_6595b64144ccf1df_6.0.19041.1110_none_60b5254171f9507e;C:\Program Files\Microsoft\jdk-11.0.18.10-hotspot\bin\server;C:\Users\adminS\.gradle\native\68d5fa5c4cc2d200863cafc0d521ce42e7d3e7ee720ec0a83991735586a16f82\windows-amd64;C:\Users\adminS\.gradle\native\e376f236ea51e6404a007f0833ffe2c6e607c4080706a723a18a27aeea778392\windows-amd64

VM Arguments:
jvm_args: -XX:MaxMetaspaceSize=512m --add-opens=java.base/java.util=ALL-UNNAMED --add-opens=java.base/java.lang=ALL-UNNAMED --add-opens=java.base/java.lang.invoke=ALL-UNNAMED --add-opens=java.prefs/java.util.prefs=ALL-UNNAMED --add-opens=java.base/java.nio.charset=ALL-UNNAMED --add-opens=java.base/java.net=ALL-UNNAMED --add-opens=java.base/java.util.concurrent.atomic=ALL-UNNAMED -Xmx2048m -Dfile.encoding=windows-1252 -Duser.country=IN -Duser.language=en -Duser.variant 
java_command: org.gradle.launcher.daemon.bootstrap.GradleDaemon 8.0.1
java_class_path (initial): C:\Users\adminS\.gradle\wrapper\dists\gradle-8.0.1-all\aro4hu1c3oeioove7l0i4i14o\gradle-8.0.1\lib\gradle-launcher-8.0.1.jar
Launcher Type: SUN_STANDARD

[Global flags]
     intx CICompilerCount                          = 12                                        {product} {ergonomic}
   size_t CompressedClassSpaceSize                 = 528482304                                 {product} {ergonomic}
     uint ConcGCThreads                            = 3                                         {product} {ergonomic}
     uint G1ConcRefinementThreads                  = 13                                        {product} {ergonomic}
   size_t G1HeapRegionSize                         = 1048576                                   {product} {ergonomic}
    uintx GCDrainStackTargetSize                   = 64                                        {product} {ergonomic}
   size_t InitialHeapSize                          = 268435456                                 {product} {ergonomic}
   size_t MarkStackSize                            = 4194304                                   {product} {ergonomic}
   size_t MaxHeapSize                              = 2147483648                                {product} {command line}
   size_t MaxMetaspaceSize                         = 536870912                                 {product} {command line}
   size_t MaxNewSize                               = 1287651328                                {product} {ergonomic}
   size_t MinHeapDeltaBytes                        = 1048576                                   {product} {ergonomic}
    uintx NonNMethodCodeHeapSize                   = 7594288                                {pd product} {ergonomic}
    uintx NonProfiledCodeHeapSize                  = 122031976                              {pd product} {ergonomic}
    uintx ProfiledCodeHeapSize                     = 122031976                              {pd product} {ergonomic}
    uintx ReservedCodeCacheSize                    = 251658240                              {pd product} {ergonomic}
     bool SegmentedCodeCache                       = true                                      {product} {ergonomic}
     bool UseCompressedClassPointers               = true                                 {lp64_product} {ergonomic}
     bool UseCompressedOops                        = true                                 {lp64_product} {ergonomic}
     bool UseG1GC                                  = true                                      {product} {ergonomic}
     bool UseLargePagesIndividualAllocation        = false                                  {pd product} {ergonomic}

Logging:
Log output configuration:
 #0: stdout all=warning uptime,level,tags
 #1: stderr all=off uptime,level,tags

Environment Variables:
JAVA_HOME=C:\Program Files\Microsoft\jdk-11.0.18.10-hotspot\
CLASSPATH=D:\data22feb\Disk D Folder\Projects\finance clone\finance_mobile_app\android\\gradle\wrapper\gradle-wrapper.jar
PATH=D:\data22feb\Disk D Folder\Projects\finance clone\finance_mobile_app\node_modules\.bin;D:\data22feb\Disk D Folder\Projects\finance clone\finance_mobile_app\node_modules\.bin;D:\data22feb\Disk D Folder\Projects\finance clone\node_modules\.bin;D:\data22feb\Disk D Folder\Projects\node_modules\.bin;D:\data22feb\Disk D Folder\node_modules\.bin;D:\data22feb\node_modules\.bin;D:\node_modules\.bin;D:\data22feb\Disk D Folder\Projects\finance clone\finance_mobile_app\node_modules\npm\node_modules\@npmcli\run-script\lib\node-gyp-bin;D:\data22feb\Disk D Folder\Projects\finance clone\finance_mobile_app\node_modules\.bin;D:\data22feb\Disk D Folder\Projects\finance clone\node_modules\.bin;D:\data22feb\Disk D Folder\Projects\node_modules\.bin;D:\data22feb\Disk D Folder\node_modules\.bin;D:\data22feb\node_modules\.bin;D:\node_modules\.bin;C:\Users\adminS\AppData\Roaming\npm\node_modules\npm\node_modules\@npmcli\run-script\lib\node-gyp-bin;C:\Program Files\Microsoft\jdk-11.0.18.10-hotspot\bin;C:\Python311\Scripts\;C:\Python311\;C:\Windows\system32;C:\Windows;C:\Windows\System32\Wbem;C:\Windows\System32\WindowsPowerShell\v1.0\;C:\Windows\System32\OpenSSH\;C:\Program Files (x86)\NVIDIA Corporation\PhysX\Common;C:\Program Files\Git\cmd;C:\src\flutter\bin;C:\Program Files\nodejs\;C:\ProgramData\chocolatey\bin;%LOCALAPPDATA%\Android\Sdk\platform-tools;C:\Users\adminS\AppData\Local\Microsoft\WindowsApps;C:\src\flutter\bin;C:\Users\adminS\AppData\Local\GitHubDesktop\bin;C:\ProgramData\adminS\GitHubDesktop\bin;C:\Users\adminS\AppData\Local\Programs\Microsoft VS Code\bin;C:\Users\adminS\AppData\Roaming\npm
USERNAME=adminS
LANG=en_US.UTF-8
OS=Windows_NT
PROCESSOR_IDENTIFIER=Intel64 Family 6 Model 165 Stepping 5, GenuineIntel
TMP=C:\Users\adminS\AppData\Local\Temp
TEMP=C:\Users\adminS\AppData\Local\Temp



---------------  S Y S T E M  ---------------

OS: Windows 10 , 64 bit Build 19041 (10.0.19041.3155)
OS uptime: 2 days 22:01 hours
Hyper-V role detected

CPU:total 16 (initial active 16) (8 cores per cpu, 2 threads per core) family 6 model 165 stepping 5 microcode 0xc8, cmov, cx8, fxsr, mmx, sse, sse2, sse3, ssse3, sse4.1, sse4.2, popcnt, avx, avx2, aes, clmul, erms, 3dnowpref, lzcnt, ht, tsc, tscinvbit, bmi1, bmi2, adx, fma

Memory: 4k page, system-wide physical 16294M (870M free)
TotalPageFile size 51710M (AvailPageFile size 6495M)
current process WorkingSet (physical memory assigned to process): 58M, peak: 268M
current process commit charge ("private bytes"): 432M, peak: 463M

vm_info: OpenJDK 64-Bit Server VM (11.0.18+10-LTS) for windows-amd64 JRE (11.0.18+10-LTS), built on Jan 18 2023 15:56:47 by "MicrosoftCorporation" with MS VC++ 15.9 (VS2017)

END.
